<?xml version="1.0" encoding="UTF-8"?>
<!-- Generated by org.testng.reporters.JUnitXMLReporter -->
<testsuite ignored="0" hostname="LTIN204636" failures="0" tests="19" name="chromeTest" time="25.905" errors="0" timestamp="2024-02-27T23:26:59 IST">
  <testcase classname="travelInsurance.TestRunner.InsuranceTestRunner" name="@AfterMethod screenshot" time="-1.709056616418E9">
    <failure type="org.testng.TestNGException" message="
Can inject only one of &amp;lt;ITestContext, XmlTest, Method, Object[], ITestResult&amp;gt; into a @AfterMethod annotated screenshot.
For more information on native dependency injection please refer to https://testng.org/doc/documentation-main.html#native-dependency-injection">
      <![CDATA[org.testng.TestNGException: 
Can inject only one of <ITestContext, XmlTest, Method, Object[], ITestResult> into a @AfterMethod annotated screenshot.
For more information on native dependency injection please refer to https://testng.org/doc/documentation-main.html#native-dependency-injection
at java.base/java.util.ArrayList.forEach(ArrayList.java:1511)
at java.base/java.util.concurrent.FutureTask.run(FutureTask.java:264)
at java.base/java.util.concurrent.ThreadPoolExecutor.runWorker(ThreadPoolExecutor.java:1136)
at java.base/java.util.concurrent.ThreadPoolExecutor$Worker.run(ThreadPoolExecutor.java:635)
at java.base/java.lang.Thread.run(Thread.java:840)
... Removed 19 stack frames]]>
    </failure>
  </testcase> <!-- @AfterMethod screenshot -->
  <testcase classname="travelInsurance.TestRunner.InsuranceTestRunner" name="@AfterMethod tearDown" time="0.0">
    <skipped/>
  </testcase> <!-- @AfterMethod tearDown -->
  <testcase classname="travelInsurance.TestRunner.InsuranceTestRunner" name="@BeforeMethod setUp" time="0.0">
    <skipped/>
  </testcase> <!-- @BeforeMethod setUp -->
  <testcase classname="travelInsurance.TestRunner.InsuranceTestRunner" name="@AfterMethod screenshot" time="0.0">
    <skipped/>
  </testcase> <!-- @AfterMethod screenshot -->
  <testcase classname="travelInsurance.TestRunner.InsuranceTestRunner" name="@AfterMethod tearDown" time="0.0">
    <skipped/>
  </testcase> <!-- @AfterMethod tearDown -->
  <testcase classname="travelInsurance.TestRunner.InsuranceTestRunner" name="@BeforeMethod setUp" time="0.0">
    <skipped/>
  </testcase> <!-- @BeforeMethod setUp -->
  <testcase classname="travelInsurance.TestRunner.InsuranceTestRunner" name="@AfterMethod screenshot" time="0.0">
    <skipped/>
  </testcase> <!-- @AfterMethod screenshot -->
  <testcase classname="travelInsurance.TestRunner.InsuranceTestRunner" name="@AfterMethod tearDown" time="0.0">
    <skipped/>
  </testcase> <!-- @AfterMethod tearDown -->
  <testcase classname="travelInsurance.TestRunner.InsuranceTestRunner" name="@BeforeMethod setUp" time="0.0">
    <skipped/>
  </testcase> <!-- @BeforeMethod setUp -->
  <testcase classname="travelInsurance.TestRunner.InsuranceTestRunner" name="@AfterMethod screenshot" time="0.0">
    <skipped/>
  </testcase> <!-- @AfterMethod screenshot -->
  <testcase classname="travelInsurance.TestRunner.InsuranceTestRunner" name="@AfterMethod tearDown" time="0.0">
    <skipped/>
  </testcase> <!-- @AfterMethod tearDown -->
  <testcase classname="travelInsurance.TestRunner.InsuranceTestRunner" name="@BeforeMethod setUp" time="0.0">
    <skipped/>
  </testcase> <!-- @BeforeMethod setUp -->
  <testcase classname="travelInsurance.TestRunner.InsuranceTestRunner" name="@AfterMethod screenshot" time="0.0">
    <skipped/>
  </testcase> <!-- @AfterMethod screenshot -->
  <testcase classname="travelInsurance.TestRunner.InsuranceTestRunner" name="@AfterMethod tearDown" time="0.0">
    <skipped/>
  </testcase> <!-- @AfterMethod tearDown -->
  <testcase classname="travelInsurance.TestRunner.InsuranceTestRunner" name="@BeforeMethod setUp" time="0.0">
    <skipped/>
  </testcase> <!-- @BeforeMethod setUp -->
  <testcase classname="travelInsurance.TestRunner.InsuranceTestRunner" name="@AfterMethod screenshot" time="0.0">
    <skipped/>
  </testcase> <!-- @AfterMethod screenshot -->
  <testcase classname="travelInsurance.TestRunner.InsuranceTestRunner" name="@AfterMethod tearDown" time="0.0">
    <skipped/>
  </testcase> <!-- @AfterMethod tearDown -->
  <testcase classname="travelInsurance.TestRunner.InsuranceTestRunner" name="@BeforeMethod setUp" time="0.0">
    <skipped/>
  </testcase> <!-- @BeforeMethod setUp -->
  <testcase classname="travelInsurance.TestRunner.InsuranceTestRunner" name="@AfterMethod screenshot" time="0.0">
    <skipped/>
  </testcase> <!-- @AfterMethod screenshot -->
  <testcase classname="travelInsurance.TestRunner.InsuranceTestRunner" name="@AfterMethod tearDown" time="0.0">
    <skipped/>
  </testcase> <!-- @AfterMethod tearDown -->
  <testcase classname="travelInsurance.TestRunner.InsuranceTestRunner" name="@BeforeMethod setUp" time="0.0">
    <skipped/>
  </testcase> <!-- @BeforeMethod setUp -->
  <testcase classname="travelInsurance.TestRunner.InsuranceTestRunner" name="@AfterMethod screenshot" time="0.0">
    <skipped/>
  </testcase> <!-- @AfterMethod screenshot -->
  <testcase classname="travelInsurance.TestRunner.InsuranceTestRunner" name="@AfterMethod tearDown" time="0.0">
    <skipped/>
  </testcase> <!-- @AfterMethod tearDown -->
  <testcase classname="travelInsurance.TestRunner.InsuranceTestRunner" name="@BeforeMethod setUp" time="0.0">
    <skipped/>
  </testcase> <!-- @BeforeMethod setUp -->
  <testcase classname="travelInsurance.TestRunner.InsuranceTestRunner" name="@AfterMethod screenshot" time="0.0">
    <skipped/>
  </testcase> <!-- @AfterMethod screenshot -->
  <testcase classname="travelInsurance.TestRunner.InsuranceTestRunner" name="@AfterMethod tearDown" time="0.0">
    <skipped/>
  </testcase> <!-- @AfterMethod tearDown -->
  <testcase classname="travelInsurance.TestRunner.InsuranceTestRunner" name="@BeforeMethod setUp" time="0.0">
    <skipped/>
  </testcase> <!-- @BeforeMethod setUp -->
  <testcase classname="travelInsurance.TestRunner.InsuranceTestRunner" name="@AfterMethod screenshot" time="0.0">
    <skipped/>
  </testcase> <!-- @AfterMethod screenshot -->
  <testcase classname="travelInsurance.TestRunner.InsuranceTestRunner" name="@AfterMethod tearDown" time="0.0">
    <skipped/>
  </testcase> <!-- @AfterMethod tearDown -->
  <testcase classname="travelInsurance.TestRunner.InsuranceTestRunner" name="@BeforeMethod setUp" time="0.0">
    <skipped/>
  </testcase> <!-- @BeforeMethod setUp -->
  <testcase classname="travelInsurance.TestRunner.InsuranceTestRunner" name="@AfterMethod screenshot" time="0.0">
    <skipped/>
  </testcase> <!-- @AfterMethod screenshot -->
  <testcase classname="travelInsurance.TestRunner.InsuranceTestRunner" name="@AfterMethod tearDown" time="0.0">
    <skipped/>
  </testcase> <!-- @AfterMethod tearDown -->
  <testcase classname="travelInsurance.TestRunner.InsuranceTestRunner" name="@BeforeMethod setUp" time="0.0">
    <skipped/>
  </testcase> <!-- @BeforeMethod setUp -->
  <testcase classname="travelInsurance.TestRunner.InsuranceTestRunner" name="@AfterMethod screenshot" time="0.0">
    <skipped/>
  </testcase> <!-- @AfterMethod screenshot -->
  <testcase classname="travelInsurance.TestRunner.InsuranceTestRunner" name="@AfterMethod tearDown" time="0.0">
    <skipped/>
  </testcase> <!-- @AfterMethod tearDown -->
  <testcase classname="travelInsurance.TestRunner.InsuranceTestRunner" name="@BeforeMethod setUp" time="0.0">
    <skipped/>
  </testcase> <!-- @BeforeMethod setUp -->
  <testcase classname="travelInsurance.TestRunner.InsuranceTestRunner" name="@AfterMethod screenshot" time="0.0">
    <skipped/>
  </testcase> <!-- @AfterMethod screenshot -->
  <testcase classname="travelInsurance.TestRunner.InsuranceTestRunner" name="@AfterMethod tearDown" time="0.0">
    <skipped/>
  </testcase> <!-- @AfterMethod tearDown -->
  <testcase classname="travelInsurance.TestRunner.InsuranceTestRunner" name="@BeforeMethod setUp" time="0.0">
    <skipped/>
  </testcase> <!-- @BeforeMethod setUp -->
  <testcase classname="travelInsurance.TestRunner.InsuranceTestRunner" name="@AfterMethod screenshot" time="0.0">
    <skipped/>
  </testcase> <!-- @AfterMethod screenshot -->
  <testcase classname="travelInsurance.TestRunner.InsuranceTestRunner" name="@AfterMethod tearDown" time="0.0">
    <skipped/>
  </testcase> <!-- @AfterMethod tearDown -->
  <testcase classname="travelInsurance.TestRunner.InsuranceTestRunner" name="@BeforeMethod setUp" time="0.0">
    <skipped/>
  </testcase> <!-- @BeforeMethod setUp -->
  <testcase classname="travelInsurance.TestRunner.InsuranceTestRunner" name="@AfterMethod screenshot" time="0.0">
    <skipped/>
  </testcase> <!-- @AfterMethod screenshot -->
  <testcase classname="travelInsurance.TestRunner.InsuranceTestRunner" name="@AfterMethod tearDown" time="0.0">
    <skipped/>
  </testcase> <!-- @AfterMethod tearDown -->
  <testcase classname="travelInsurance.TestRunner.InsuranceTestRunner" name="@BeforeMethod setUp" time="0.0">
    <skipped/>
  </testcase> <!-- @BeforeMethod setUp -->
  <testcase classname="travelInsurance.TestRunner.InsuranceTestRunner" name="@AfterMethod screenshot" time="0.0">
    <skipped/>
  </testcase> <!-- @AfterMethod screenshot -->
  <testcase classname="travelInsurance.TestRunner.InsuranceTestRunner" name="@AfterMethod tearDown" time="0.0">
    <skipped/>
  </testcase> <!-- @AfterMethod tearDown -->
  <testcase classname="travelInsurance.TestRunner.InsuranceTestRunner" name="@BeforeMethod setUp" time="0.0">
    <skipped/>
  </testcase> <!-- @BeforeMethod setUp -->
  <testcase classname="travelInsurance.TestRunner.InsuranceTestRunner" name="@AfterMethod screenshot" time="0.0">
    <skipped/>
  </testcase> <!-- @AfterMethod screenshot -->
  <testcase classname="travelInsurance.TestRunner.InsuranceTestRunner" name="@AfterMethod tearDown" time="0.0">
    <skipped/>
  </testcase> <!-- @AfterMethod tearDown -->
  <testcase classname="travelInsurance.TestRunner.InsuranceTestRunner" name="@BeforeMethod setUp" time="0.0">
    <skipped/>
  </testcase> <!-- @BeforeMethod setUp -->
  <testcase classname="travelInsurance.TestRunner.InsuranceTestRunner" name="@AfterMethod screenshot" time="0.0">
    <skipped/>
  </testcase> <!-- @AfterMethod screenshot -->
  <testcase classname="travelInsurance.TestRunner.InsuranceTestRunner" name="@AfterMethod tearDown" time="0.0">
    <skipped/>
  </testcase> <!-- @AfterMethod tearDown -->
  <testcase classname="travelInsurance.TestRunner.InsuranceTestRunner" name="@BeforeMethod setUp" time="0.0">
    <skipped/>
  </testcase> <!-- @BeforeMethod setUp -->
  <testcase classname="travelInsurance.TestRunner.InsuranceTestRunner" name="@AfterMethod screenshot" time="0.0">
    <skipped/>
  </testcase> <!-- @AfterMethod screenshot -->
  <testcase classname="travelInsurance.TestRunner.InsuranceTestRunner" name="@AfterMethod tearDown" time="0.0">
    <skipped/>
  </testcase> <!-- @AfterMethod tearDown -->
  <testcase classname="io.cucumber.testng.AbstractTestNGCucumberTests" name="runScenario" time="5.925"/>
  <testcase classname="io.cucumber.testng.AbstractTestNGCucumberTests" name="runScenario" time="0.0">
    <skipped/>
  </testcase> <!-- runScenario -->
  <testcase classname="io.cucumber.testng.AbstractTestNGCucumberTests" name="runScenario" time="0.0">
    <skipped/>
  </testcase> <!-- runScenario -->
  <testcase classname="io.cucumber.testng.AbstractTestNGCucumberTests" name="runScenario" time="0.0">
    <skipped/>
  </testcase> <!-- runScenario -->
  <testcase classname="io.cucumber.testng.AbstractTestNGCucumberTests" name="runScenario" time="0.0">
    <skipped/>
  </testcase> <!-- runScenario -->
  <testcase classname="io.cucumber.testng.AbstractTestNGCucumberTests" name="runScenario" time="0.001">
    <skipped/>
  </testcase> <!-- runScenario -->
  <testcase classname="io.cucumber.testng.AbstractTestNGCucumberTests" name="runScenario" time="0.0">
    <skipped/>
  </testcase> <!-- runScenario -->
  <testcase classname="io.cucumber.testng.AbstractTestNGCucumberTests" name="runScenario" time="0.0">
    <skipped/>
  </testcase> <!-- runScenario -->
  <testcase classname="io.cucumber.testng.AbstractTestNGCucumberTests" name="runScenario" time="0.0">
    <skipped/>
  </testcase> <!-- runScenario -->
  <testcase classname="io.cucumber.testng.AbstractTestNGCucumberTests" name="runScenario" time="0.0">
    <skipped/>
  </testcase> <!-- runScenario -->
  <testcase classname="io.cucumber.testng.AbstractTestNGCucumberTests" name="runScenario" time="0.0">
    <skipped/>
  </testcase> <!-- runScenario -->
  <testcase classname="io.cucumber.testng.AbstractTestNGCucumberTests" name="runScenario" time="0.0">
    <skipped/>
  </testcase> <!-- runScenario -->
  <testcase classname="io.cucumber.testng.AbstractTestNGCucumberTests" name="runScenario" time="0.0">
    <skipped/>
  </testcase> <!-- runScenario -->
  <testcase classname="io.cucumber.testng.AbstractTestNGCucumberTests" name="runScenario" time="0.0">
    <skipped/>
  </testcase> <!-- runScenario -->
  <testcase classname="io.cucumber.testng.AbstractTestNGCucumberTests" name="runScenario" time="0.0">
    <skipped/>
  </testcase> <!-- runScenario -->
  <testcase classname="io.cucumber.testng.AbstractTestNGCucumberTests" name="runScenario" time="0.001">
    <skipped/>
  </testcase> <!-- runScenario -->
  <testcase classname="io.cucumber.testng.AbstractTestNGCucumberTests" name="runScenario" time="0.0">
    <skipped/>
  </testcase> <!-- runScenario -->
  <testcase classname="io.cucumber.testng.AbstractTestNGCucumberTests" name="runScenario" time="0.0">
    <skipped/>
  </testcase> <!-- runScenario -->
  <testcase classname="io.cucumber.testng.AbstractTestNGCucumberTests" name="runScenario" time="0.0">
    <skipped/>
  </testcase> <!-- runScenario -->
</testsuite> <!-- chromeTest -->
