<?xml version="1.0" encoding="UTF-8"?>
<testng-results ignored="0" total="33" passed="33" failed="0" skipped="0">
  <reporter-output>
  </reporter-output>
  <suite started-at="2024-02-25T22:33:21 IST" name="Default suite" finished-at="2024-02-25T22:48:06 IST" duration-ms="885483">
    <groups>
      <group name="cucumber">
        <method signature="AbstractTestNGCucumberTests.runScenario(io.cucumber.testng.PickleWrapper,io.cucumber.testng.FeatureWrapper)[pri:0, instance:travelInsurance.TestRunner.InsuranceTestRunner@6e9a5ed8]" name="runScenario" class="io.cucumber.testng.AbstractTestNGCucumberTests"/>
      </group> <!-- cucumber -->
    </groups>
    <test started-at="2024-02-25T22:33:21 IST" name="Default test" finished-at="2024-02-25T22:48:06 IST" duration-ms="885483">
      <class name="travelInsurance.TestRunner.InsuranceTestRunner">
        <test-method is-config="true" signature="setUpClass(org.testng.ITestContext)[pri:0, instance:travelInsurance.TestRunner.InsuranceTestRunner@6e9a5ed8]" started-at="2024-02-25T22:33:21 IST" name="setUpClass" finished-at="2024-02-25T22:33:24 IST" duration-ms="2905" status="PASS">
          <params>
            <param index="0">
              <value>
                <![CDATA[org.testng.TestRunner@7fa1004]]>
              </value>
            </param>
          </params>
          <reporter-output>
          </reporter-output>
        </test-method> <!-- setUpClass -->
        <test-method signature="runScenario(io.cucumber.testng.PickleWrapper,io.cucumber.testng.FeatureWrapper)[pri:0, instance:travelInsurance.TestRunner.InsuranceTestRunner@6e9a5ed8]" started-at="2024-02-25T22:33:24 IST" name="runScenario" description="Runs Cucumber Scenarios" data-provider="scenarios" finished-at="2024-02-25T22:34:12 IST" duration-ms="48198" status="PASS">
          <params>
            <param index="0">
              <value>
                <![CDATA["Travel insurance"]]>
              </value>
            </param>
            <param index="1">
              <value>
                <![CDATA["Insurances_end_to_end"]]>
              </value>
            </param>
          </params>
          <reporter-output>
          </reporter-output>
        </test-method> <!-- runScenario -->
        <test-method signature="runScenario(io.cucumber.testng.PickleWrapper,io.cucumber.testng.FeatureWrapper)[pri:0, instance:travelInsurance.TestRunner.InsuranceTestRunner@6e9a5ed8]" started-at="2024-02-25T22:34:12 IST" name="runScenario" description="Runs Cucumber Scenarios" data-provider="scenarios" finished-at="2024-02-25T22:34:44 IST" duration-ms="32082" status="PASS">
          <params>
            <param index="0">
              <value>
                <![CDATA["Car insurance"]]>
              </value>
            </param>
            <param index="1">
              <value>
                <![CDATA["Insurances_end_to_end"]]>
              </value>
            </param>
          </params>
          <reporter-output>
          </reporter-output>
        </test-method> <!-- runScenario -->
        <test-method signature="runScenario(io.cucumber.testng.PickleWrapper,io.cucumber.testng.FeatureWrapper)[pri:0, instance:travelInsurance.TestRunner.InsuranceTestRunner@6e9a5ed8]" started-at="2024-02-25T22:34:44 IST" name="runScenario" description="Runs Cucumber Scenarios" data-provider="scenarios" finished-at="2024-02-25T22:35:01 IST" duration-ms="16275" status="PASS">
          <params>
            <param index="0">
              <value>
                <![CDATA["Health Insurance menu"]]>
              </value>
            </param>
            <param index="1">
              <value>
                <![CDATA["Insurances_end_to_end"]]>
              </value>
            </param>
          </params>
          <reporter-output>
          </reporter-output>
        </test-method> <!-- runScenario -->
        <test-method signature="runScenario(io.cucumber.testng.PickleWrapper,io.cucumber.testng.FeatureWrapper)[pri:0, instance:travelInsurance.TestRunner.InsuranceTestRunner@6e9a5ed8]" started-at="2024-02-25T22:35:01 IST" name="runScenario" description="Runs Cucumber Scenarios" data-provider="scenarios" finished-at="2024-02-25T22:35:45 IST" duration-ms="44961" status="PASS">
          <params>
            <param index="0">
              <value>
                <![CDATA["Health Insurance"]]>
              </value>
            </param>
            <param index="1">
              <value>
                <![CDATA["Insurances_end_to_end"]]>
              </value>
            </param>
          </params>
          <reporter-output>
          </reporter-output>
        </test-method> <!-- runScenario -->
        <test-method signature="runScenario(io.cucumber.testng.PickleWrapper,io.cucumber.testng.FeatureWrapper)[pri:0, instance:travelInsurance.TestRunner.InsuranceTestRunner@6e9a5ed8]" started-at="2024-02-25T22:35:45 IST" name="runScenario" description="Runs Cucumber Scenarios" data-provider="scenarios" finished-at="2024-02-25T22:36:16 IST" duration-ms="30726" status="PASS">
          <params>
            <param index="0">
              <value>
                <![CDATA["Travel insurance contact details page"]]>
              </value>
            </param>
            <param index="1">
              <value>
                <![CDATA["Insurance_regression"]]>
              </value>
            </param>
          </params>
          <reporter-output>
          </reporter-output>
        </test-method> <!-- runScenario -->
        <test-method signature="runScenario(io.cucumber.testng.PickleWrapper,io.cucumber.testng.FeatureWrapper)[pri:0, instance:travelInsurance.TestRunner.InsuranceTestRunner@6e9a5ed8]" started-at="2024-02-25T22:36:16 IST" name="runScenario" description="Runs Cucumber Scenarios" data-provider="scenarios" finished-at="2024-02-25T22:37:01 IST" duration-ms="45160" status="PASS">
          <params>
            <param index="0">
              <value>
                <![CDATA["Travel Insurance results"]]>
              </value>
            </param>
            <param index="1">
              <value>
                <![CDATA["Insurance_regression"]]>
              </value>
            </param>
          </params>
          <reporter-output>
          </reporter-output>
        </test-method> <!-- runScenario -->
        <test-method signature="runScenario(io.cucumber.testng.PickleWrapper,io.cucumber.testng.FeatureWrapper)[pri:0, instance:travelInsurance.TestRunner.InsuranceTestRunner@6e9a5ed8]" started-at="2024-02-25T22:37:01 IST" name="runScenario" description="Runs Cucumber Scenarios" data-provider="scenarios" finished-at="2024-02-25T22:37:24 IST" duration-ms="22492" status="PASS">
          <params>
            <param index="0">
              <value>
                <![CDATA["Health insurance link"]]>
              </value>
            </param>
            <param index="1">
              <value>
                <![CDATA["Insurance_regression"]]>
              </value>
            </param>
          </params>
          <reporter-output>
          </reporter-output>
        </test-method> <!-- runScenario -->
        <test-method signature="runScenario(io.cucumber.testng.PickleWrapper,io.cucumber.testng.FeatureWrapper)[pri:0, instance:travelInsurance.TestRunner.InsuranceTestRunner@6e9a5ed8]" started-at="2024-02-25T22:37:24 IST" name="runScenario" description="Runs Cucumber Scenarios" data-provider="scenarios" finished-at="2024-02-25T22:37:46 IST" duration-ms="21790" status="PASS">
          <params>
            <param index="0">
              <value>
                <![CDATA["Health insurance member page"]]>
              </value>
            </param>
            <param index="1">
              <value>
                <![CDATA["Insurance_regression"]]>
              </value>
            </param>
          </params>
          <reporter-output>
          </reporter-output>
        </test-method> <!-- runScenario -->
        <test-method signature="runScenario(io.cucumber.testng.PickleWrapper,io.cucumber.testng.FeatureWrapper)[pri:0, instance:travelInsurance.TestRunner.InsuranceTestRunner@6e9a5ed8]" started-at="2024-02-25T22:37:46 IST" name="runScenario" description="Runs Cucumber Scenarios" data-provider="scenarios" finished-at="2024-02-25T22:38:06 IST" duration-ms="20448" status="PASS">
          <params>
            <param index="0">
              <value>
                <![CDATA["Health insurance age page"]]>
              </value>
            </param>
            <param index="1">
              <value>
                <![CDATA["Insurance_regression"]]>
              </value>
            </param>
          </params>
          <reporter-output>
          </reporter-output>
        </test-method> <!-- runScenario -->
        <test-method signature="runScenario(io.cucumber.testng.PickleWrapper,io.cucumber.testng.FeatureWrapper)[pri:0, instance:travelInsurance.TestRunner.InsuranceTestRunner@6e9a5ed8]" started-at="2024-02-25T22:38:06 IST" name="runScenario" description="Runs Cucumber Scenarios" data-provider="scenarios" finished-at="2024-02-25T22:38:28 IST" duration-ms="22092" status="PASS">
          <params>
            <param index="0">
              <value>
                <![CDATA["Health insurance city page"]]>
              </value>
            </param>
            <param index="1">
              <value>
                <![CDATA["Insurance_regression"]]>
              </value>
            </param>
          </params>
          <reporter-output>
          </reporter-output>
        </test-method> <!-- runScenario -->
        <test-method signature="runScenario(io.cucumber.testng.PickleWrapper,io.cucumber.testng.FeatureWrapper)[pri:0, instance:travelInsurance.TestRunner.InsuranceTestRunner@6e9a5ed8]" started-at="2024-02-25T22:38:28 IST" name="runScenario" description="Runs Cucumber Scenarios" data-provider="scenarios" finished-at="2024-02-25T22:38:50 IST" duration-ms="21727" status="PASS">
          <params>
            <param index="0">
              <value>
                <![CDATA["Health insurance positive name contact page"]]>
              </value>
            </param>
            <param index="1">
              <value>
                <![CDATA["Insurance_regression"]]>
              </value>
            </param>
          </params>
          <reporter-output>
          </reporter-output>
        </test-method> <!-- runScenario -->
        <test-method signature="runScenario(io.cucumber.testng.PickleWrapper,io.cucumber.testng.FeatureWrapper)[pri:0, instance:travelInsurance.TestRunner.InsuranceTestRunner@6e9a5ed8]" started-at="2024-02-25T22:38:50 IST" name="runScenario" description="Runs Cucumber Scenarios" data-provider="scenarios" finished-at="2024-02-25T22:39:12 IST" duration-ms="22418" status="PASS">
          <params>
            <param index="0">
              <value>
                <![CDATA["Health insurance positve name and negative phone contact page"]]>
              </value>
            </param>
            <param index="1">
              <value>
                <![CDATA["Insurance_regression"]]>
              </value>
            </param>
          </params>
          <reporter-output>
          </reporter-output>
        </test-method> <!-- runScenario -->
        <test-method signature="runScenario(io.cucumber.testng.PickleWrapper,io.cucumber.testng.FeatureWrapper)[pri:0, instance:travelInsurance.TestRunner.InsuranceTestRunner@6e9a5ed8]" started-at="2024-02-25T22:39:12 IST" name="runScenario" description="Runs Cucumber Scenarios" data-provider="scenarios" finished-at="2024-02-25T22:39:39 IST" duration-ms="26252" status="PASS">
          <params>
            <param index="0">
              <value>
                <![CDATA["Health insurance result page"]]>
              </value>
            </param>
            <param index="1">
              <value>
                <![CDATA["Insurance_regression"]]>
              </value>
            </param>
          </params>
          <reporter-output>
          </reporter-output>
        </test-method> <!-- runScenario -->
        <test-method signature="runScenario(io.cucumber.testng.PickleWrapper,io.cucumber.testng.FeatureWrapper)[pri:0, instance:travelInsurance.TestRunner.InsuranceTestRunner@6e9a5ed8]" started-at="2024-02-25T22:39:39 IST" name="runScenario" description="Runs Cucumber Scenarios" data-provider="scenarios" finished-at="2024-02-25T22:40:20 IST" duration-ms="40950" status="PASS">
          <params>
            <param index="0">
              <value>
                <![CDATA["Health Insurances results"]]>
              </value>
            </param>
            <param index="1">
              <value>
                <![CDATA["Insurance_regression"]]>
              </value>
            </param>
          </params>
          <reporter-output>
          </reporter-output>
        </test-method> <!-- runScenario -->
        <test-method signature="runScenario(io.cucumber.testng.PickleWrapper,io.cucumber.testng.FeatureWrapper)[pri:0, instance:travelInsurance.TestRunner.InsuranceTestRunner@6e9a5ed8]" started-at="2024-02-25T22:40:20 IST" name="runScenario" description="Runs Cucumber Scenarios" data-provider="scenarios" finished-at="2024-02-25T22:40:43 IST" duration-ms="22963" status="PASS">
          <params>
            <param index="0">
              <value>
                <![CDATA["Travel insurance home page"]]>
              </value>
            </param>
            <param index="1">
              <value>
                <![CDATA["Insurances_smoke"]]>
              </value>
            </param>
          </params>
          <reporter-output>
          </reporter-output>
        </test-method> <!-- runScenario -->
        <test-method signature="runScenario(io.cucumber.testng.PickleWrapper,io.cucumber.testng.FeatureWrapper)[pri:0, instance:travelInsurance.TestRunner.InsuranceTestRunner@6e9a5ed8]" started-at="2024-02-25T22:40:43 IST" name="runScenario" description="Runs Cucumber Scenarios" data-provider="scenarios" finished-at="2024-02-25T22:41:12 IST" duration-ms="29924" status="PASS">
          <params>
            <param index="0">
              <value>
                <![CDATA["Travel insurance trip date page"]]>
              </value>
            </param>
            <param index="1">
              <value>
                <![CDATA["Insurances_smoke"]]>
              </value>
            </param>
          </params>
          <reporter-output>
          </reporter-output>
        </test-method> <!-- runScenario -->
        <test-method signature="runScenario(io.cucumber.testng.PickleWrapper,io.cucumber.testng.FeatureWrapper)[pri:0, instance:travelInsurance.TestRunner.InsuranceTestRunner@6e9a5ed8]" started-at="2024-02-25T22:41:12 IST" name="runScenario" description="Runs Cucumber Scenarios" data-provider="scenarios" finished-at="2024-02-25T22:41:40 IST" duration-ms="27441" status="PASS">
          <params>
            <param index="0">
              <value>
                <![CDATA["Travel insurance traveller page"]]>
              </value>
            </param>
            <param index="1">
              <value>
                <![CDATA["Insurances_smoke"]]>
              </value>
            </param>
          </params>
          <reporter-output>
          </reporter-output>
        </test-method> <!-- runScenario -->
        <test-method signature="runScenario(io.cucumber.testng.PickleWrapper,io.cucumber.testng.FeatureWrapper)[pri:0, instance:travelInsurance.TestRunner.InsuranceTestRunner@6e9a5ed8]" started-at="2024-02-25T22:41:40 IST" name="runScenario" description="Runs Cucumber Scenarios" data-provider="scenarios" finished-at="2024-02-25T22:42:08 IST" duration-ms="28475" status="PASS">
          <params>
            <param index="0">
              <value>
                <![CDATA["Travel insurance medical history page"]]>
              </value>
            </param>
            <param index="1">
              <value>
                <![CDATA["Insurances_smoke"]]>
              </value>
            </param>
          </params>
          <reporter-output>
          </reporter-output>
        </test-method> <!-- runScenario -->
        <test-method signature="runScenario(io.cucumber.testng.PickleWrapper,io.cucumber.testng.FeatureWrapper)[pri:0, instance:travelInsurance.TestRunner.InsuranceTestRunner@6e9a5ed8]" started-at="2024-02-25T22:42:08 IST" name="runScenario" description="Runs Cucumber Scenarios" data-provider="scenarios" finished-at="2024-02-25T22:42:40 IST" duration-ms="31263" status="PASS">
          <params>
            <param index="0">
              <value>
                <![CDATA["Travel insurance results page"]]>
              </value>
            </param>
            <param index="1">
              <value>
                <![CDATA["Insurances_smoke"]]>
              </value>
            </param>
          </params>
          <reporter-output>
          </reporter-output>
        </test-method> <!-- runScenario -->
        <test-method signature="runScenario(io.cucumber.testng.PickleWrapper,io.cucumber.testng.FeatureWrapper)[pri:0, instance:travelInsurance.TestRunner.InsuranceTestRunner@6e9a5ed8]" started-at="2024-02-25T22:42:40 IST" name="runScenario" description="Runs Cucumber Scenarios" data-provider="scenarios" finished-at="2024-02-25T22:43:01 IST" duration-ms="21318" status="PASS">
          <params>
            <param index="0">
              <value>
                <![CDATA["car insurance home page"]]>
              </value>
            </param>
            <param index="1">
              <value>
                <![CDATA["Insurances_smoke"]]>
              </value>
            </param>
          </params>
          <reporter-output>
          </reporter-output>
        </test-method> <!-- runScenario -->
        <test-method signature="runScenario(io.cucumber.testng.PickleWrapper,io.cucumber.testng.FeatureWrapper)[pri:0, instance:travelInsurance.TestRunner.InsuranceTestRunner@6e9a5ed8]" started-at="2024-02-25T22:43:01 IST" name="runScenario" description="Runs Cucumber Scenarios" data-provider="scenarios" finished-at="2024-02-25T22:43:23 IST" duration-ms="21875" status="PASS">
          <params>
            <param index="0">
              <value>
                <![CDATA["car insurance RTO page"]]>
              </value>
            </param>
            <param index="1">
              <value>
                <![CDATA["Insurances_smoke"]]>
              </value>
            </param>
          </params>
          <reporter-output>
          </reporter-output>
        </test-method> <!-- runScenario -->
        <test-method signature="runScenario(io.cucumber.testng.PickleWrapper,io.cucumber.testng.FeatureWrapper)[pri:0, instance:travelInsurance.TestRunner.InsuranceTestRunner@6e9a5ed8]" started-at="2024-02-25T22:43:23 IST" name="runScenario" description="Runs Cucumber Scenarios" data-provider="scenarios" finished-at="2024-02-25T22:43:43 IST" duration-ms="20472" status="PASS">
          <params>
            <param index="0">
              <value>
                <![CDATA["car insurance brand name page"]]>
              </value>
            </param>
            <param index="1">
              <value>
                <![CDATA["Insurances_smoke"]]>
              </value>
            </param>
          </params>
          <reporter-output>
          </reporter-output>
        </test-method> <!-- runScenario -->
        <test-method signature="runScenario(io.cucumber.testng.PickleWrapper,io.cucumber.testng.FeatureWrapper)[pri:0, instance:travelInsurance.TestRunner.InsuranceTestRunner@6e9a5ed8]" started-at="2024-02-25T22:43:43 IST" name="runScenario" description="Runs Cucumber Scenarios" data-provider="scenarios" finished-at="2024-02-25T22:44:04 IST" duration-ms="21046" status="PASS">
          <params>
            <param index="0">
              <value>
                <![CDATA["car insurance model name page"]]>
              </value>
            </param>
            <param index="1">
              <value>
                <![CDATA["Insurances_smoke"]]>
              </value>
            </param>
          </params>
          <reporter-output>
          </reporter-output>
        </test-method> <!-- runScenario -->
        <test-method signature="runScenario(io.cucumber.testng.PickleWrapper,io.cucumber.testng.FeatureWrapper)[pri:0, instance:travelInsurance.TestRunner.InsuranceTestRunner@6e9a5ed8]" started-at="2024-02-25T22:44:04 IST" name="runScenario" description="Runs Cucumber Scenarios" data-provider="scenarios" finished-at="2024-02-25T22:44:27 IST" duration-ms="22922" status="PASS">
          <params>
            <param index="0">
              <value>
                <![CDATA["car insurance model fueltype page"]]>
              </value>
            </param>
            <param index="1">
              <value>
                <![CDATA["Insurances_smoke"]]>
              </value>
            </param>
          </params>
          <reporter-output>
          </reporter-output>
        </test-method> <!-- runScenario -->
        <test-method signature="runScenario(io.cucumber.testng.PickleWrapper,io.cucumber.testng.FeatureWrapper)[pri:0, instance:travelInsurance.TestRunner.InsuranceTestRunner@6e9a5ed8]" started-at="2024-02-25T22:44:27 IST" name="runScenario" description="Runs Cucumber Scenarios" data-provider="scenarios" finished-at="2024-02-25T22:44:50 IST" duration-ms="23101" status="PASS">
          <params>
            <param index="0">
              <value>
                <![CDATA["car insurance variant name page"]]>
              </value>
            </param>
            <param index="1">
              <value>
                <![CDATA["Insurances_smoke"]]>
              </value>
            </param>
          </params>
          <reporter-output>
          </reporter-output>
        </test-method> <!-- runScenario -->
        <test-method signature="runScenario(io.cucumber.testng.PickleWrapper,io.cucumber.testng.FeatureWrapper)[pri:0, instance:travelInsurance.TestRunner.InsuranceTestRunner@6e9a5ed8]" started-at="2024-02-25T22:44:50 IST" name="runScenario" description="Runs Cucumber Scenarios" data-provider="scenarios" finished-at="2024-02-25T22:45:15 IST" duration-ms="24288" status="PASS">
          <params>
            <param index="0">
              <value>
                <![CDATA["car insurance contact details page"]]>
              </value>
            </param>
            <param index="1">
              <value>
                <![CDATA["Insurances_smoke"]]>
              </value>
            </param>
          </params>
          <reporter-output>
          </reporter-output>
        </test-method> <!-- runScenario -->
        <test-method signature="runScenario(io.cucumber.testng.PickleWrapper,io.cucumber.testng.FeatureWrapper)[pri:0, instance:travelInsurance.TestRunner.InsuranceTestRunner@6e9a5ed8]" started-at="2024-02-25T22:45:15 IST" name="runScenario" description="Runs Cucumber Scenarios" data-provider="scenarios" finished-at="2024-02-25T22:45:39 IST" duration-ms="24312" status="PASS">
          <params>
            <param index="0">
              <value>
                <![CDATA["car insurance contact details page"]]>
              </value>
            </param>
            <param index="1">
              <value>
                <![CDATA["Insurances_smoke"]]>
              </value>
            </param>
          </params>
          <reporter-output>
          </reporter-output>
        </test-method> <!-- runScenario -->
        <test-method signature="runScenario(io.cucumber.testng.PickleWrapper,io.cucumber.testng.FeatureWrapper)[pri:0, instance:travelInsurance.TestRunner.InsuranceTestRunner@6e9a5ed8]" started-at="2024-02-25T22:45:39 IST" name="runScenario" description="Runs Cucumber Scenarios" data-provider="scenarios" finished-at="2024-02-25T22:46:05 IST" duration-ms="25908" status="PASS">
          <params>
            <param index="0">
              <value>
                <![CDATA["car insurance final page"]]>
              </value>
            </param>
            <param index="1">
              <value>
                <![CDATA["Insurances_smoke"]]>
              </value>
            </param>
          </params>
          <reporter-output>
          </reporter-output>
        </test-method> <!-- runScenario -->
        <test-method signature="runScenario(io.cucumber.testng.PickleWrapper,io.cucumber.testng.FeatureWrapper)[pri:0, instance:travelInsurance.TestRunner.InsuranceTestRunner@6e9a5ed8]" started-at="2024-02-25T22:46:05 IST" name="runScenario" description="Runs Cucumber Scenarios" data-provider="scenarios" finished-at="2024-02-25T22:46:21 IST" duration-ms="15924" status="PASS">
          <params>
            <param index="0">
              <value>
                <![CDATA["Health insurance menu"]]>
              </value>
            </param>
            <param index="1">
              <value>
                <![CDATA["Insurances_smoke"]]>
              </value>
            </param>
          </params>
          <reporter-output>
          </reporter-output>
        </test-method> <!-- runScenario -->
        <test-method signature="runScenario(io.cucumber.testng.PickleWrapper,io.cucumber.testng.FeatureWrapper)[pri:0, instance:travelInsurance.TestRunner.InsuranceTestRunner@6e9a5ed8]" started-at="2024-02-25T22:46:21 IST" name="runScenario" description="Runs Cucumber Scenarios" data-provider="scenarios" finished-at="2024-02-25T22:46:39 IST" duration-ms="18418" status="PASS">
          <params>
            <param index="0">
              <value>
                <![CDATA["Health insurance link"]]>
              </value>
            </param>
            <param index="1">
              <value>
                <![CDATA["Insurances_smoke"]]>
              </value>
            </param>
          </params>
          <reporter-output>
          </reporter-output>
        </test-method> <!-- runScenario -->
        <test-method signature="runScenario(io.cucumber.testng.PickleWrapper,io.cucumber.testng.FeatureWrapper)[pri:0, instance:travelInsurance.TestRunner.InsuranceTestRunner@6e9a5ed8]" started-at="2024-02-25T22:46:39 IST" name="runScenario" description="Runs Cucumber Scenarios" data-provider="scenarios" finished-at="2024-02-25T22:46:58 IST" duration-ms="18834" status="PASS">
          <params>
            <param index="0">
              <value>
                <![CDATA["Health insurance age page"]]>
              </value>
            </param>
            <param index="1">
              <value>
                <![CDATA["Insurances_smoke"]]>
              </value>
            </param>
          </params>
          <reporter-output>
          </reporter-output>
        </test-method> <!-- runScenario -->
        <test-method signature="runScenario(io.cucumber.testng.PickleWrapper,io.cucumber.testng.FeatureWrapper)[pri:0, instance:travelInsurance.TestRunner.InsuranceTestRunner@6e9a5ed8]" started-at="2024-02-25T22:46:58 IST" name="runScenario" description="Runs Cucumber Scenarios" data-provider="scenarios" finished-at="2024-02-25T22:47:18 IST" duration-ms="19891" status="PASS">
          <params>
            <param index="0">
              <value>
                <![CDATA["Health insurance city page"]]>
              </value>
            </param>
            <param index="1">
              <value>
                <![CDATA["Insurances_smoke"]]>
              </value>
            </param>
          </params>
          <reporter-output>
          </reporter-output>
        </test-method> <!-- runScenario -->
        <test-method signature="runScenario(io.cucumber.testng.PickleWrapper,io.cucumber.testng.FeatureWrapper)[pri:0, instance:travelInsurance.TestRunner.InsuranceTestRunner@6e9a5ed8]" started-at="2024-02-25T22:47:18 IST" name="runScenario" description="Runs Cucumber Scenarios" data-provider="scenarios" finished-at="2024-02-25T22:47:40 IST" duration-ms="21627" status="PASS">
          <params>
            <param index="0">
              <value>
                <![CDATA["Health insurance positive contact page"]]>
              </value>
            </param>
            <param index="1">
              <value>
                <![CDATA["Insurances_smoke"]]>
              </value>
            </param>
          </params>
          <reporter-output>
          </reporter-output>
        </test-method> <!-- runScenario -->
        <test-method is-config="true" signature="tearDownClass()[pri:0, instance:travelInsurance.TestRunner.InsuranceTestRunner@6e9a5ed8]" started-at="2024-02-25T22:47:40 IST" name="tearDownClass" finished-at="2024-02-25T22:48:06 IST" duration-ms="26772" status="PASS">
          <reporter-output>
          </reporter-output>
        </test-method> <!-- tearDownClass -->
      </class> <!-- travelInsurance.TestRunner.InsuranceTestRunner -->
    </test> <!-- Default test -->
  </suite> <!-- Default suite -->
</testng-results>
