<?xml version="1.0" encoding="UTF-8"?>
<testng-results ignored="0" total="33" passed="33" failed="0" skipped="0">
  <reporter-output>
  </reporter-output>
  <suite started-at="2024-03-09T18:18:40 IST" name="Suite" finished-at="2024-03-09T18:33:16 IST" duration-ms="876414">
    <groups>
      <group name="cucumber">
        <method signature="AbstractTestNGCucumberTests.runScenario(io.cucumber.testng.PickleWrapper,io.cucumber.testng.FeatureWrapper)[pri:0, instance:com.Policybazaar.TestRunner.InsurancesTestRunner@8462f31]" name="runScenario" class="io.cucumber.testng.AbstractTestNGCucumberTests"/>
      </group> <!-- cucumber -->
    </groups>
    <test started-at="2024-03-09T18:18:40 IST" name="chromeTest" finished-at="2024-03-09T18:33:16 IST" duration-ms="876414">
      <class name="com.Policybazaar.TestRunner.InsurancesTestRunner">
        <test-method is-config="true" signature="setUpClass(org.testng.ITestContext)[pri:0, instance:com.Policybazaar.TestRunner.InsurancesTestRunner@8462f31]" started-at="2024-03-09T18:18:40 IST" name="setUpClass" finished-at="2024-03-09T18:18:43 IST" duration-ms="2986" status="PASS">
          <params>
            <param index="0">
              <value>
                <![CDATA[org.testng.TestRunner@3de9aa8d]]>
              </value>
            </param>
          </params>
          <reporter-output>
          </reporter-output>
        </test-method> <!-- setUpClass -->
        <test-method is-config="true" signature="setUp(java.lang.String)[pri:0, instance:com.Policybazaar.TestRunner.InsurancesTestRunner@8462f31]" started-at="2024-03-09T18:18:43 IST" name="setUp" finished-at="2024-03-09T18:19:00 IST" duration-ms="16552" status="PASS">
          <params>
            <param index="0">
              <value>
                <![CDATA[Chrome]]>
              </value>
            </param>
          </params>
          <reporter-output>
          </reporter-output>
        </test-method> <!-- setUp -->
        <test-method signature="runScenario(io.cucumber.testng.PickleWrapper,io.cucumber.testng.FeatureWrapper)[pri:0, instance:com.Policybazaar.TestRunner.InsurancesTestRunner@8462f31]" started-at="2024-03-09T18:19:00 IST" name="runScenario" description="Runs Cucumber Scenarios" data-provider="scenarios" finished-at="2024-03-09T18:19:37 IST" duration-ms="36841" status="PASS">
          <params>
            <param index="0">
              <value>
                <![CDATA["User validates  Travel insurance page in policy bazaar website"]]>
              </value>
            </param>
            <param index="1">
              <value>
                <![CDATA["Insurances_end_to_end"]]>
              </value>
            </param>
          </params>
          <reporter-output>
          </reporter-output>
        </test-method> <!-- runScenario -->
        <test-method is-config="true" signature="tearDown()[pri:0, instance:com.Policybazaar.TestRunner.InsurancesTestRunner@8462f31]" started-at="2024-03-09T18:19:37 IST" name="tearDown" finished-at="2024-03-09T18:19:42 IST" duration-ms="5695" status="PASS">
          <reporter-output>
          </reporter-output>
        </test-method> <!-- tearDown -->
        <test-method is-config="true" signature="setUp(java.lang.String)[pri:0, instance:com.Policybazaar.TestRunner.InsurancesTestRunner@8462f31]" started-at="2024-03-09T18:19:42 IST" name="setUp" finished-at="2024-03-09T18:19:55 IST" duration-ms="13065" status="PASS">
          <params>
            <param index="0">
              <value>
                <![CDATA[Chrome]]>
              </value>
            </param>
          </params>
          <reporter-output>
          </reporter-output>
        </test-method> <!-- setUp -->
        <test-method signature="runScenario(io.cucumber.testng.PickleWrapper,io.cucumber.testng.FeatureWrapper)[pri:0, instance:com.Policybazaar.TestRunner.InsurancesTestRunner@8462f31]" started-at="2024-03-09T18:19:55 IST" name="runScenario" description="Runs Cucumber Scenarios" data-provider="scenarios" finished-at="2024-03-09T18:20:09 IST" duration-ms="13219" status="PASS">
          <params>
            <param index="0">
              <value>
                <![CDATA["User validates  car insurance page in policy bazaar website"]]>
              </value>
            </param>
            <param index="1">
              <value>
                <![CDATA["Insurances_end_to_end"]]>
              </value>
            </param>
          </params>
          <reporter-output>
          </reporter-output>
        </test-method> <!-- runScenario -->
        <test-method is-config="true" signature="tearDown()[pri:0, instance:com.Policybazaar.TestRunner.InsurancesTestRunner@8462f31]" started-at="2024-03-09T18:20:09 IST" name="tearDown" finished-at="2024-03-09T18:20:13 IST" duration-ms="4617" status="PASS">
          <reporter-output>
          </reporter-output>
        </test-method> <!-- tearDown -->
        <test-method is-config="true" signature="setUp(java.lang.String)[pri:0, instance:com.Policybazaar.TestRunner.InsurancesTestRunner@8462f31]" started-at="2024-03-09T18:20:13 IST" name="setUp" finished-at="2024-03-09T18:20:26 IST" duration-ms="13311" status="PASS">
          <params>
            <param index="0">
              <value>
                <![CDATA[Chrome]]>
              </value>
            </param>
          </params>
          <reporter-output>
          </reporter-output>
        </test-method> <!-- setUp -->
        <test-method signature="runScenario(io.cucumber.testng.PickleWrapper,io.cucumber.testng.FeatureWrapper)[pri:0, instance:com.Policybazaar.TestRunner.InsurancesTestRunner@8462f31]" started-at="2024-03-09T18:20:26 IST" name="runScenario" description="Runs Cucumber Scenarios" data-provider="scenarios" finished-at="2024-03-09T18:20:31 IST" duration-ms="4614" status="PASS">
          <params>
            <param index="0">
              <value>
                <![CDATA["User validates  health insurances menu  in policy bazaar website"]]>
              </value>
            </param>
            <param index="1">
              <value>
                <![CDATA["Insurances_end_to_end"]]>
              </value>
            </param>
          </params>
          <reporter-output>
          </reporter-output>
        </test-method> <!-- runScenario -->
        <test-method is-config="true" signature="tearDown()[pri:0, instance:com.Policybazaar.TestRunner.InsurancesTestRunner@8462f31]" started-at="2024-03-09T18:20:31 IST" name="tearDown" finished-at="2024-03-09T18:20:35 IST" duration-ms="3921" status="PASS">
          <reporter-output>
          </reporter-output>
        </test-method> <!-- tearDown -->
        <test-method is-config="true" signature="setUp(java.lang.String)[pri:0, instance:com.Policybazaar.TestRunner.InsurancesTestRunner@8462f31]" started-at="2024-03-09T18:20:35 IST" name="setUp" finished-at="2024-03-09T18:20:48 IST" duration-ms="13000" status="PASS">
          <params>
            <param index="0">
              <value>
                <![CDATA[Chrome]]>
              </value>
            </param>
          </params>
          <reporter-output>
          </reporter-output>
        </test-method> <!-- setUp -->
        <test-method signature="runScenario(io.cucumber.testng.PickleWrapper,io.cucumber.testng.FeatureWrapper)[pri:0, instance:com.Policybazaar.TestRunner.InsurancesTestRunner@8462f31]" started-at="2024-03-09T18:20:48 IST" name="runScenario" description="Runs Cucumber Scenarios" data-provider="scenarios" finished-at="2024-03-09T18:21:12 IST" duration-ms="24207" status="PASS">
          <params>
            <param index="0">
              <value>
                <![CDATA["User validates  health insurance page in policy bazaar website"]]>
              </value>
            </param>
            <param index="1">
              <value>
                <![CDATA["Insurances_end_to_end"]]>
              </value>
            </param>
          </params>
          <reporter-output>
          </reporter-output>
        </test-method> <!-- runScenario -->
        <test-method is-config="true" signature="tearDown()[pri:0, instance:com.Policybazaar.TestRunner.InsurancesTestRunner@8462f31]" started-at="2024-03-09T18:21:12 IST" name="tearDown" finished-at="2024-03-09T18:21:17 IST" duration-ms="5256" status="PASS">
          <reporter-output>
          </reporter-output>
        </test-method> <!-- tearDown -->
        <test-method is-config="true" signature="setUp(java.lang.String)[pri:0, instance:com.Policybazaar.TestRunner.InsurancesTestRunner@8462f31]" started-at="2024-03-09T18:21:17 IST" name="setUp" finished-at="2024-03-09T18:21:31 IST" duration-ms="13903" status="PASS">
          <params>
            <param index="0">
              <value>
                <![CDATA[Chrome]]>
              </value>
            </param>
          </params>
          <reporter-output>
          </reporter-output>
        </test-method> <!-- setUp -->
        <test-method signature="runScenario(io.cucumber.testng.PickleWrapper,io.cucumber.testng.FeatureWrapper)[pri:0, instance:com.Policybazaar.TestRunner.InsurancesTestRunner@8462f31]" started-at="2024-03-09T18:21:31 IST" name="runScenario" description="Runs Cucumber Scenarios" data-provider="scenarios" finished-at="2024-03-09T18:21:46 IST" duration-ms="14487" status="PASS">
          <params>
            <param index="0">
              <value>
                <![CDATA["user validates Travel insurance contact details page in policy bazaar website"]]>
              </value>
            </param>
            <param index="1">
              <value>
                <![CDATA["Insurance_regression"]]>
              </value>
            </param>
          </params>
          <reporter-output>
          </reporter-output>
        </test-method> <!-- runScenario -->
        <test-method is-config="true" signature="tearDown()[pri:0, instance:com.Policybazaar.TestRunner.InsurancesTestRunner@8462f31]" started-at="2024-03-09T18:21:46 IST" name="tearDown" finished-at="2024-03-09T18:21:50 IST" duration-ms="4413" status="PASS">
          <reporter-output>
          </reporter-output>
        </test-method> <!-- tearDown -->
        <test-method is-config="true" signature="setUp(java.lang.String)[pri:0, instance:com.Policybazaar.TestRunner.InsurancesTestRunner@8462f31]" started-at="2024-03-09T18:21:50 IST" name="setUp" finished-at="2024-03-09T18:22:03 IST" duration-ms="12499" status="PASS">
          <params>
            <param index="0">
              <value>
                <![CDATA[Chrome]]>
              </value>
            </param>
          </params>
          <reporter-output>
          </reporter-output>
        </test-method> <!-- setUp -->
        <test-method signature="runScenario(io.cucumber.testng.PickleWrapper,io.cucumber.testng.FeatureWrapper)[pri:0, instance:com.Policybazaar.TestRunner.InsurancesTestRunner@8462f31]" started-at="2024-03-09T18:22:03 IST" name="runScenario" description="Runs Cucumber Scenarios" data-provider="scenarios" finished-at="2024-03-09T18:22:31 IST" duration-ms="27902" status="PASS">
          <params>
            <param index="0">
              <value>
                <![CDATA["user validates Travel Insurance results in policy bazaar website"]]>
              </value>
            </param>
            <param index="1">
              <value>
                <![CDATA["Insurance_regression"]]>
              </value>
            </param>
          </params>
          <reporter-output>
          </reporter-output>
        </test-method> <!-- runScenario -->
        <test-method is-config="true" signature="tearDown()[pri:0, instance:com.Policybazaar.TestRunner.InsurancesTestRunner@8462f31]" started-at="2024-03-09T18:22:31 IST" name="tearDown" finished-at="2024-03-09T18:22:36 IST" duration-ms="5396" status="PASS">
          <reporter-output>
          </reporter-output>
        </test-method> <!-- tearDown -->
        <test-method is-config="true" signature="setUp(java.lang.String)[pri:0, instance:com.Policybazaar.TestRunner.InsurancesTestRunner@8462f31]" started-at="2024-03-09T18:22:36 IST" name="setUp" finished-at="2024-03-09T18:22:49 IST" duration-ms="13027" status="PASS">
          <params>
            <param index="0">
              <value>
                <![CDATA[Chrome]]>
              </value>
            </param>
          </params>
          <reporter-output>
          </reporter-output>
        </test-method> <!-- setUp -->
        <test-method signature="runScenario(io.cucumber.testng.PickleWrapper,io.cucumber.testng.FeatureWrapper)[pri:0, instance:com.Policybazaar.TestRunner.InsurancesTestRunner@8462f31]" started-at="2024-03-09T18:22:49 IST" name="runScenario" description="Runs Cucumber Scenarios" data-provider="scenarios" finished-at="2024-03-09T18:22:55 IST" duration-ms="6245" status="PASS">
          <params>
            <param index="0">
              <value>
                <![CDATA["user validates the health insurance-members page in policy bazaar"]]>
              </value>
            </param>
            <param index="1">
              <value>
                <![CDATA["Insurance_regression"]]>
              </value>
            </param>
          </params>
          <reporter-output>
          </reporter-output>
        </test-method> <!-- runScenario -->
        <test-method is-config="true" signature="tearDown()[pri:0, instance:com.Policybazaar.TestRunner.InsurancesTestRunner@8462f31]" started-at="2024-03-09T18:22:55 IST" name="tearDown" finished-at="2024-03-09T18:22:59 IST" duration-ms="4014" status="PASS">
          <reporter-output>
          </reporter-output>
        </test-method> <!-- tearDown -->
        <test-method is-config="true" signature="setUp(java.lang.String)[pri:0, instance:com.Policybazaar.TestRunner.InsurancesTestRunner@8462f31]" started-at="2024-03-09T18:22:59 IST" name="setUp" finished-at="2024-03-09T18:23:13 IST" duration-ms="13566" status="PASS">
          <params>
            <param index="0">
              <value>
                <![CDATA[Chrome]]>
              </value>
            </param>
          </params>
          <reporter-output>
          </reporter-output>
        </test-method> <!-- setUp -->
        <test-method signature="runScenario(io.cucumber.testng.PickleWrapper,io.cucumber.testng.FeatureWrapper)[pri:0, instance:com.Policybazaar.TestRunner.InsurancesTestRunner@8462f31]" started-at="2024-03-09T18:23:13 IST" name="runScenario" description="Runs Cucumber Scenarios" data-provider="scenarios" finished-at="2024-03-09T18:23:20 IST" duration-ms="6815" status="PASS">
          <params>
            <param index="0">
              <value>
                <![CDATA["user validates Health insurance member page in policy bazaar website"]]>
              </value>
            </param>
            <param index="1">
              <value>
                <![CDATA["Insurance_regression"]]>
              </value>
            </param>
          </params>
          <reporter-output>
          </reporter-output>
        </test-method> <!-- runScenario -->
        <test-method is-config="true" signature="tearDown()[pri:0, instance:com.Policybazaar.TestRunner.InsurancesTestRunner@8462f31]" started-at="2024-03-09T18:23:20 IST" name="tearDown" finished-at="2024-03-09T18:23:25 IST" duration-ms="5260" status="PASS">
          <reporter-output>
          </reporter-output>
        </test-method> <!-- tearDown -->
        <test-method is-config="true" signature="setUp(java.lang.String)[pri:0, instance:com.Policybazaar.TestRunner.InsurancesTestRunner@8462f31]" started-at="2024-03-09T18:23:25 IST" name="setUp" finished-at="2024-03-09T18:23:40 IST" duration-ms="14531" status="PASS">
          <params>
            <param index="0">
              <value>
                <![CDATA[Chrome]]>
              </value>
            </param>
          </params>
          <reporter-output>
          </reporter-output>
        </test-method> <!-- setUp -->
        <test-method signature="runScenario(io.cucumber.testng.PickleWrapper,io.cucumber.testng.FeatureWrapper)[pri:0, instance:com.Policybazaar.TestRunner.InsurancesTestRunner@8462f31]" started-at="2024-03-09T18:23:40 IST" name="runScenario" description="Runs Cucumber Scenarios" data-provider="scenarios" finished-at="2024-03-09T18:23:49 IST" duration-ms="8978" status="PASS">
          <params>
            <param index="0">
              <value>
                <![CDATA["user validates Health insurance age page in policy bazaar website"]]>
              </value>
            </param>
            <param index="1">
              <value>
                <![CDATA["Insurance_regression"]]>
              </value>
            </param>
          </params>
          <reporter-output>
          </reporter-output>
        </test-method> <!-- runScenario -->
        <test-method is-config="true" signature="tearDown()[pri:0, instance:com.Policybazaar.TestRunner.InsurancesTestRunner@8462f31]" started-at="2024-03-09T18:23:49 IST" name="tearDown" finished-at="2024-03-09T18:23:54 IST" duration-ms="5814" status="PASS">
          <reporter-output>
          </reporter-output>
        </test-method> <!-- tearDown -->
        <test-method is-config="true" signature="setUp(java.lang.String)[pri:0, instance:com.Policybazaar.TestRunner.InsurancesTestRunner@8462f31]" started-at="2024-03-09T18:23:54 IST" name="setUp" finished-at="2024-03-09T18:24:09 IST" duration-ms="15025" status="PASS">
          <params>
            <param index="0">
              <value>
                <![CDATA[Chrome]]>
              </value>
            </param>
          </params>
          <reporter-output>
          </reporter-output>
        </test-method> <!-- setUp -->
        <test-method signature="runScenario(io.cucumber.testng.PickleWrapper,io.cucumber.testng.FeatureWrapper)[pri:0, instance:com.Policybazaar.TestRunner.InsurancesTestRunner@8462f31]" started-at="2024-03-09T18:24:09 IST" name="runScenario" description="Runs Cucumber Scenarios" data-provider="scenarios" finished-at="2024-03-09T18:24:19 IST" duration-ms="10105" status="PASS">
          <params>
            <param index="0">
              <value>
                <![CDATA["user validates Health insurance city page in policy bazaar website"]]>
              </value>
            </param>
            <param index="1">
              <value>
                <![CDATA["Insurance_regression"]]>
              </value>
            </param>
          </params>
          <reporter-output>
          </reporter-output>
        </test-method> <!-- runScenario -->
        <test-method is-config="true" signature="tearDown()[pri:0, instance:com.Policybazaar.TestRunner.InsurancesTestRunner@8462f31]" started-at="2024-03-09T18:24:19 IST" name="tearDown" finished-at="2024-03-09T18:24:25 IST" duration-ms="5177" status="PASS">
          <reporter-output>
          </reporter-output>
        </test-method> <!-- tearDown -->
        <test-method is-config="true" signature="setUp(java.lang.String)[pri:0, instance:com.Policybazaar.TestRunner.InsurancesTestRunner@8462f31]" started-at="2024-03-09T18:24:25 IST" name="setUp" finished-at="2024-03-09T18:24:38 IST" duration-ms="13564" status="PASS">
          <params>
            <param index="0">
              <value>
                <![CDATA[Chrome]]>
              </value>
            </param>
          </params>
          <reporter-output>
          </reporter-output>
        </test-method> <!-- setUp -->
        <test-method signature="runScenario(io.cucumber.testng.PickleWrapper,io.cucumber.testng.FeatureWrapper)[pri:0, instance:com.Policybazaar.TestRunner.InsurancesTestRunner@8462f31]" started-at="2024-03-09T18:24:38 IST" name="runScenario" description="Runs Cucumber Scenarios" data-provider="scenarios" finished-at="2024-03-09T18:24:47 IST" duration-ms="8894" status="PASS">
          <params>
            <param index="0">
              <value>
                <![CDATA["user validates Health insurance contact page with positive name in policy bazaar website"]]>
              </value>
            </param>
            <param index="1">
              <value>
                <![CDATA["Insurance_regression"]]>
              </value>
            </param>
          </params>
          <reporter-output>
          </reporter-output>
        </test-method> <!-- runScenario -->
        <test-method is-config="true" signature="tearDown()[pri:0, instance:com.Policybazaar.TestRunner.InsurancesTestRunner@8462f31]" started-at="2024-03-09T18:24:47 IST" name="tearDown" finished-at="2024-03-09T18:24:51 IST" duration-ms="3730" status="PASS">
          <reporter-output>
          </reporter-output>
        </test-method> <!-- tearDown -->
        <test-method is-config="true" signature="setUp(java.lang.String)[pri:0, instance:com.Policybazaar.TestRunner.InsurancesTestRunner@8462f31]" started-at="2024-03-09T18:24:51 IST" name="setUp" finished-at="2024-03-09T18:25:04 IST" duration-ms="13614" status="PASS">
          <params>
            <param index="0">
              <value>
                <![CDATA[Chrome]]>
              </value>
            </param>
          </params>
          <reporter-output>
          </reporter-output>
        </test-method> <!-- setUp -->
        <test-method signature="runScenario(io.cucumber.testng.PickleWrapper,io.cucumber.testng.FeatureWrapper)[pri:0, instance:com.Policybazaar.TestRunner.InsurancesTestRunner@8462f31]" started-at="2024-03-09T18:25:04 IST" name="runScenario" description="Runs Cucumber Scenarios" data-provider="scenarios" finished-at="2024-03-09T18:25:15 IST" duration-ms="10390" status="PASS">
          <params>
            <param index="0">
              <value>
                <![CDATA["user validates Health insurance contact page with positve name and negative phone number"]]>
              </value>
            </param>
            <param index="1">
              <value>
                <![CDATA["Insurance_regression"]]>
              </value>
            </param>
          </params>
          <reporter-output>
          </reporter-output>
        </test-method> <!-- runScenario -->
        <test-method is-config="true" signature="tearDown()[pri:0, instance:com.Policybazaar.TestRunner.InsurancesTestRunner@8462f31]" started-at="2024-03-09T18:25:15 IST" name="tearDown" finished-at="2024-03-09T18:25:18 IST" duration-ms="3626" status="PASS">
          <reporter-output>
          </reporter-output>
        </test-method> <!-- tearDown -->
        <test-method is-config="true" signature="setUp(java.lang.String)[pri:0, instance:com.Policybazaar.TestRunner.InsurancesTestRunner@8462f31]" started-at="2024-03-09T18:25:18 IST" name="setUp" finished-at="2024-03-09T18:25:31 IST" duration-ms="12988" status="PASS">
          <params>
            <param index="0">
              <value>
                <![CDATA[Chrome]]>
              </value>
            </param>
          </params>
          <reporter-output>
          </reporter-output>
        </test-method> <!-- setUp -->
        <test-method signature="runScenario(io.cucumber.testng.PickleWrapper,io.cucumber.testng.FeatureWrapper)[pri:0, instance:com.Policybazaar.TestRunner.InsurancesTestRunner@8462f31]" started-at="2024-03-09T18:25:31 IST" name="runScenario" description="Runs Cucumber Scenarios" data-provider="scenarios" finished-at="2024-03-09T18:25:41 IST" duration-ms="9440" status="PASS">
          <params>
            <param index="0">
              <value>
                <![CDATA["user validates Health insurance result page in policy bazaar"]]>
              </value>
            </param>
            <param index="1">
              <value>
                <![CDATA["Insurance_regression"]]>
              </value>
            </param>
          </params>
          <reporter-output>
          </reporter-output>
        </test-method> <!-- runScenario -->
        <test-method is-config="true" signature="tearDown()[pri:0, instance:com.Policybazaar.TestRunner.InsurancesTestRunner@8462f31]" started-at="2024-03-09T18:25:41 IST" name="tearDown" finished-at="2024-03-09T18:25:45 IST" duration-ms="3694" status="PASS">
          <reporter-output>
          </reporter-output>
        </test-method> <!-- tearDown -->
        <test-method is-config="true" signature="setUp(java.lang.String)[pri:0, instance:com.Policybazaar.TestRunner.InsurancesTestRunner@8462f31]" started-at="2024-03-09T18:25:45 IST" name="setUp" finished-at="2024-03-09T18:25:57 IST" duration-ms="12166" status="PASS">
          <params>
            <param index="0">
              <value>
                <![CDATA[Chrome]]>
              </value>
            </param>
          </params>
          <reporter-output>
          </reporter-output>
        </test-method> <!-- setUp -->
        <test-method signature="runScenario(io.cucumber.testng.PickleWrapper,io.cucumber.testng.FeatureWrapper)[pri:0, instance:com.Policybazaar.TestRunner.InsurancesTestRunner@8462f31]" started-at="2024-03-09T18:25:57 IST" name="runScenario" description="Runs Cucumber Scenarios" data-provider="scenarios" finished-at="2024-03-09T18:26:20 IST" duration-ms="22770" status="PASS">
          <params>
            <param index="0">
              <value>
                <![CDATA["user validates Health Insurance results in policy bazaar"]]>
              </value>
            </param>
            <param index="1">
              <value>
                <![CDATA["Insurance_regression"]]>
              </value>
            </param>
          </params>
          <reporter-output>
          </reporter-output>
        </test-method> <!-- runScenario -->
        <test-method is-config="true" signature="tearDown()[pri:0, instance:com.Policybazaar.TestRunner.InsurancesTestRunner@8462f31]" started-at="2024-03-09T18:26:20 IST" name="tearDown" finished-at="2024-03-09T18:26:24 IST" duration-ms="4074" status="PASS">
          <reporter-output>
          </reporter-output>
        </test-method> <!-- tearDown -->
        <test-method is-config="true" signature="setUp(java.lang.String)[pri:0, instance:com.Policybazaar.TestRunner.InsurancesTestRunner@8462f31]" started-at="2024-03-09T18:26:24 IST" name="setUp" finished-at="2024-03-09T18:26:36 IST" duration-ms="12256" status="PASS">
          <params>
            <param index="0">
              <value>
                <![CDATA[Chrome]]>
              </value>
            </param>
          </params>
          <reporter-output>
          </reporter-output>
        </test-method> <!-- setUp -->
        <test-method signature="runScenario(io.cucumber.testng.PickleWrapper,io.cucumber.testng.FeatureWrapper)[pri:0, instance:com.Policybazaar.TestRunner.InsurancesTestRunner@8462f31]" started-at="2024-03-09T18:26:36 IST" name="runScenario" description="Runs Cucumber Scenarios" data-provider="scenarios" finished-at="2024-03-09T18:26:43 IST" duration-ms="6888" status="PASS">
          <params>
            <param index="0">
              <value>
                <![CDATA["user validates Travel insurance destination page in policy bazaar"]]>
              </value>
            </param>
            <param index="1">
              <value>
                <![CDATA["Insurances_smoke"]]>
              </value>
            </param>
          </params>
          <reporter-output>
          </reporter-output>
        </test-method> <!-- runScenario -->
        <test-method is-config="true" signature="tearDown()[pri:0, instance:com.Policybazaar.TestRunner.InsurancesTestRunner@8462f31]" started-at="2024-03-09T18:26:43 IST" name="tearDown" finished-at="2024-03-09T18:26:46 IST" duration-ms="3556" status="PASS">
          <reporter-output>
          </reporter-output>
        </test-method> <!-- tearDown -->
        <test-method is-config="true" signature="setUp(java.lang.String)[pri:0, instance:com.Policybazaar.TestRunner.InsurancesTestRunner@8462f31]" started-at="2024-03-09T18:26:46 IST" name="setUp" finished-at="2024-03-09T18:26:57 IST" duration-ms="10459" status="PASS">
          <params>
            <param index="0">
              <value>
                <![CDATA[Chrome]]>
              </value>
            </param>
          </params>
          <reporter-output>
          </reporter-output>
        </test-method> <!-- setUp -->
        <test-method signature="runScenario(io.cucumber.testng.PickleWrapper,io.cucumber.testng.FeatureWrapper)[pri:0, instance:com.Policybazaar.TestRunner.InsurancesTestRunner@8462f31]" started-at="2024-03-09T18:26:57 IST" name="runScenario" description="Runs Cucumber Scenarios" data-provider="scenarios" finished-at="2024-03-09T18:27:04 IST" duration-ms="7415" status="PASS">
          <params>
            <param index="0">
              <value>
                <![CDATA["user validates Travel insurance trip date page in policy bazaar"]]>
              </value>
            </param>
            <param index="1">
              <value>
                <![CDATA["Insurances_smoke"]]>
              </value>
            </param>
          </params>
          <reporter-output>
          </reporter-output>
        </test-method> <!-- runScenario -->
        <test-method is-config="true" signature="tearDown()[pri:0, instance:com.Policybazaar.TestRunner.InsurancesTestRunner@8462f31]" started-at="2024-03-09T18:27:04 IST" name="tearDown" finished-at="2024-03-09T18:27:08 IST" duration-ms="3437" status="PASS">
          <reporter-output>
          </reporter-output>
        </test-method> <!-- tearDown -->
        <test-method is-config="true" signature="setUp(java.lang.String)[pri:0, instance:com.Policybazaar.TestRunner.InsurancesTestRunner@8462f31]" started-at="2024-03-09T18:27:08 IST" name="setUp" finished-at="2024-03-09T18:27:18 IST" duration-ms="10537" status="PASS">
          <params>
            <param index="0">
              <value>
                <![CDATA[Chrome]]>
              </value>
            </param>
          </params>
          <reporter-output>
          </reporter-output>
        </test-method> <!-- setUp -->
        <test-method signature="runScenario(io.cucumber.testng.PickleWrapper,io.cucumber.testng.FeatureWrapper)[pri:0, instance:com.Policybazaar.TestRunner.InsurancesTestRunner@8462f31]" started-at="2024-03-09T18:27:18 IST" name="runScenario" description="Runs Cucumber Scenarios" data-provider="scenarios" finished-at="2024-03-09T18:27:27 IST" duration-ms="9164" status="PASS">
          <params>
            <param index="0">
              <value>
                <![CDATA["user validates Travel insurance traveller page in policy bazaar"]]>
              </value>
            </param>
            <param index="1">
              <value>
                <![CDATA["Insurances_smoke"]]>
              </value>
            </param>
          </params>
          <reporter-output>
          </reporter-output>
        </test-method> <!-- runScenario -->
        <test-method is-config="true" signature="tearDown()[pri:0, instance:com.Policybazaar.TestRunner.InsurancesTestRunner@8462f31]" started-at="2024-03-09T18:27:27 IST" name="tearDown" finished-at="2024-03-09T18:27:31 IST" duration-ms="3880" status="PASS">
          <reporter-output>
          </reporter-output>
        </test-method> <!-- tearDown -->
        <test-method is-config="true" signature="setUp(java.lang.String)[pri:0, instance:com.Policybazaar.TestRunner.InsurancesTestRunner@8462f31]" started-at="2024-03-09T18:27:31 IST" name="setUp" finished-at="2024-03-09T18:27:42 IST" duration-ms="11060" status="PASS">
          <params>
            <param index="0">
              <value>
                <![CDATA[Chrome]]>
              </value>
            </param>
          </params>
          <reporter-output>
          </reporter-output>
        </test-method> <!-- setUp -->
        <test-method signature="runScenario(io.cucumber.testng.PickleWrapper,io.cucumber.testng.FeatureWrapper)[pri:0, instance:com.Policybazaar.TestRunner.InsurancesTestRunner@8462f31]" started-at="2024-03-09T18:27:42 IST" name="runScenario" description="Runs Cucumber Scenarios" data-provider="scenarios" finished-at="2024-03-09T18:27:52 IST" duration-ms="9552" status="PASS">
          <params>
            <param index="0">
              <value>
                <![CDATA["user validates Travel insurance medical history page in policy bazaar"]]>
              </value>
            </param>
            <param index="1">
              <value>
                <![CDATA["Insurances_smoke"]]>
              </value>
            </param>
          </params>
          <reporter-output>
          </reporter-output>
        </test-method> <!-- runScenario -->
        <test-method is-config="true" signature="tearDown()[pri:0, instance:com.Policybazaar.TestRunner.InsurancesTestRunner@8462f31]" started-at="2024-03-09T18:27:52 IST" name="tearDown" finished-at="2024-03-09T18:27:55 IST" duration-ms="3472" status="PASS">
          <reporter-output>
          </reporter-output>
        </test-method> <!-- tearDown -->
        <test-method is-config="true" signature="setUp(java.lang.String)[pri:0, instance:com.Policybazaar.TestRunner.InsurancesTestRunner@8462f31]" started-at="2024-03-09T18:27:55 IST" name="setUp" finished-at="2024-03-09T18:28:07 IST" duration-ms="11700" status="PASS">
          <params>
            <param index="0">
              <value>
                <![CDATA[Chrome]]>
              </value>
            </param>
          </params>
          <reporter-output>
          </reporter-output>
        </test-method> <!-- setUp -->
        <test-method signature="runScenario(io.cucumber.testng.PickleWrapper,io.cucumber.testng.FeatureWrapper)[pri:0, instance:com.Policybazaar.TestRunner.InsurancesTestRunner@8462f31]" started-at="2024-03-09T18:28:07 IST" name="runScenario" description="Runs Cucumber Scenarios" data-provider="scenarios" finished-at="2024-03-09T18:28:18 IST" duration-ms="11374" status="PASS">
          <params>
            <param index="0">
              <value>
                <![CDATA["user validates Travel insurance results page in policy bazaar"]]>
              </value>
            </param>
            <param index="1">
              <value>
                <![CDATA["Insurances_smoke"]]>
              </value>
            </param>
          </params>
          <reporter-output>
          </reporter-output>
        </test-method> <!-- runScenario -->
        <test-method is-config="true" signature="tearDown()[pri:0, instance:com.Policybazaar.TestRunner.InsurancesTestRunner@8462f31]" started-at="2024-03-09T18:28:18 IST" name="tearDown" finished-at="2024-03-09T18:28:22 IST" duration-ms="3535" status="PASS">
          <reporter-output>
          </reporter-output>
        </test-method> <!-- tearDown -->
        <test-method is-config="true" signature="setUp(java.lang.String)[pri:0, instance:com.Policybazaar.TestRunner.InsurancesTestRunner@8462f31]" started-at="2024-03-09T18:28:22 IST" name="setUp" finished-at="2024-03-09T18:28:33 IST" duration-ms="10607" status="PASS">
          <params>
            <param index="0">
              <value>
                <![CDATA[Chrome]]>
              </value>
            </param>
          </params>
          <reporter-output>
          </reporter-output>
        </test-method> <!-- setUp -->
        <test-method signature="runScenario(io.cucumber.testng.PickleWrapper,io.cucumber.testng.FeatureWrapper)[pri:0, instance:com.Policybazaar.TestRunner.InsurancesTestRunner@8462f31]" started-at="2024-03-09T18:28:33 IST" name="runScenario" description="Runs Cucumber Scenarios" data-provider="scenarios" finished-at="2024-03-09T18:28:37 IST" duration-ms="4499" status="PASS">
          <params>
            <param index="0">
              <value>
                <![CDATA["user validates car insurance home page in policy bazaar"]]>
              </value>
            </param>
            <param index="1">
              <value>
                <![CDATA["Insurances_smoke"]]>
              </value>
            </param>
          </params>
          <reporter-output>
          </reporter-output>
        </test-method> <!-- runScenario -->
        <test-method is-config="true" signature="tearDown()[pri:0, instance:com.Policybazaar.TestRunner.InsurancesTestRunner@8462f31]" started-at="2024-03-09T18:28:37 IST" name="tearDown" finished-at="2024-03-09T18:28:40 IST" duration-ms="3329" status="PASS">
          <reporter-output>
          </reporter-output>
        </test-method> <!-- tearDown -->
        <test-method is-config="true" signature="setUp(java.lang.String)[pri:0, instance:com.Policybazaar.TestRunner.InsurancesTestRunner@8462f31]" started-at="2024-03-09T18:28:40 IST" name="setUp" finished-at="2024-03-09T18:28:52 IST" duration-ms="12108" status="PASS">
          <params>
            <param index="0">
              <value>
                <![CDATA[Chrome]]>
              </value>
            </param>
          </params>
          <reporter-output>
          </reporter-output>
        </test-method> <!-- setUp -->
        <test-method signature="runScenario(io.cucumber.testng.PickleWrapper,io.cucumber.testng.FeatureWrapper)[pri:0, instance:com.Policybazaar.TestRunner.InsurancesTestRunner@8462f31]" started-at="2024-03-09T18:28:52 IST" name="runScenario" description="Runs Cucumber Scenarios" data-provider="scenarios" finished-at="2024-03-09T18:28:59 IST" duration-ms="6071" status="PASS">
          <params>
            <param index="0">
              <value>
                <![CDATA["user validates car insurance RTO page in policy bazaar"]]>
              </value>
            </param>
            <param index="1">
              <value>
                <![CDATA["Insurances_smoke"]]>
              </value>
            </param>
          </params>
          <reporter-output>
          </reporter-output>
        </test-method> <!-- runScenario -->
        <test-method is-config="true" signature="tearDown()[pri:0, instance:com.Policybazaar.TestRunner.InsurancesTestRunner@8462f31]" started-at="2024-03-09T18:28:59 IST" name="tearDown" finished-at="2024-03-09T18:29:02 IST" duration-ms="3390" status="PASS">
          <reporter-output>
          </reporter-output>
        </test-method> <!-- tearDown -->
        <test-method is-config="true" signature="setUp(java.lang.String)[pri:0, instance:com.Policybazaar.TestRunner.InsurancesTestRunner@8462f31]" started-at="2024-03-09T18:29:02 IST" name="setUp" finished-at="2024-03-09T18:29:08 IST" duration-ms="6518" status="PASS">
          <params>
            <param index="0">
              <value>
                <![CDATA[Chrome]]>
              </value>
            </param>
          </params>
          <reporter-output>
          </reporter-output>
        </test-method> <!-- setUp -->
        <test-method signature="runScenario(io.cucumber.testng.PickleWrapper,io.cucumber.testng.FeatureWrapper)[pri:0, instance:com.Policybazaar.TestRunner.InsurancesTestRunner@8462f31]" started-at="2024-03-09T18:29:08 IST" name="runScenario" description="Runs Cucumber Scenarios" data-provider="scenarios" finished-at="2024-03-09T18:29:19 IST" duration-ms="10951" status="PASS">
          <params>
            <param index="0">
              <value>
                <![CDATA["user validates car insurance brand name page in policy bazaar"]]>
              </value>
            </param>
            <param index="1">
              <value>
                <![CDATA["Insurances_smoke"]]>
              </value>
            </param>
          </params>
          <reporter-output>
          </reporter-output>
        </test-method> <!-- runScenario -->
        <test-method is-config="true" signature="tearDown()[pri:0, instance:com.Policybazaar.TestRunner.InsurancesTestRunner@8462f31]" started-at="2024-03-09T18:29:19 IST" name="tearDown" finished-at="2024-03-09T18:29:23 IST" duration-ms="3111" status="PASS">
          <reporter-output>
          </reporter-output>
        </test-method> <!-- tearDown -->
        <test-method is-config="true" signature="setUp(java.lang.String)[pri:0, instance:com.Policybazaar.TestRunner.InsurancesTestRunner@8462f31]" started-at="2024-03-09T18:29:23 IST" name="setUp" finished-at="2024-03-09T18:29:35 IST" duration-ms="12097" status="PASS">
          <params>
            <param index="0">
              <value>
                <![CDATA[Chrome]]>
              </value>
            </param>
          </params>
          <reporter-output>
          </reporter-output>
        </test-method> <!-- setUp -->
        <test-method signature="runScenario(io.cucumber.testng.PickleWrapper,io.cucumber.testng.FeatureWrapper)[pri:0, instance:com.Policybazaar.TestRunner.InsurancesTestRunner@8462f31]" started-at="2024-03-09T18:29:35 IST" name="runScenario" description="Runs Cucumber Scenarios" data-provider="scenarios" finished-at="2024-03-09T18:29:43 IST" duration-ms="8315" status="PASS">
          <params>
            <param index="0">
              <value>
                <![CDATA["user validates car insurance model name page in policy bazaar"]]>
              </value>
            </param>
            <param index="1">
              <value>
                <![CDATA["Insurances_smoke"]]>
              </value>
            </param>
          </params>
          <reporter-output>
          </reporter-output>
        </test-method> <!-- runScenario -->
        <test-method is-config="true" signature="tearDown()[pri:0, instance:com.Policybazaar.TestRunner.InsurancesTestRunner@8462f31]" started-at="2024-03-09T18:29:43 IST" name="tearDown" finished-at="2024-03-09T18:29:47 IST" duration-ms="3677" status="PASS">
          <reporter-output>
          </reporter-output>
        </test-method> <!-- tearDown -->
        <test-method is-config="true" signature="setUp(java.lang.String)[pri:0, instance:com.Policybazaar.TestRunner.InsurancesTestRunner@8462f31]" started-at="2024-03-09T18:29:47 IST" name="setUp" finished-at="2024-03-09T18:29:59 IST" duration-ms="11993" status="PASS">
          <params>
            <param index="0">
              <value>
                <![CDATA[Chrome]]>
              </value>
            </param>
          </params>
          <reporter-output>
          </reporter-output>
        </test-method> <!-- setUp -->
        <test-method signature="runScenario(io.cucumber.testng.PickleWrapper,io.cucumber.testng.FeatureWrapper)[pri:0, instance:com.Policybazaar.TestRunner.InsurancesTestRunner@8462f31]" started-at="2024-03-09T18:29:59 IST" name="runScenario" description="Runs Cucumber Scenarios" data-provider="scenarios" finished-at="2024-03-09T18:30:06 IST" duration-ms="7166" status="PASS">
          <params>
            <param index="0">
              <value>
                <![CDATA["user validates car insurance model fueltype page in policy bazaar"]]>
              </value>
            </param>
            <param index="1">
              <value>
                <![CDATA["Insurances_smoke"]]>
              </value>
            </param>
          </params>
          <reporter-output>
          </reporter-output>
        </test-method> <!-- runScenario -->
        <test-method is-config="true" signature="tearDown()[pri:0, instance:com.Policybazaar.TestRunner.InsurancesTestRunner@8462f31]" started-at="2024-03-09T18:30:06 IST" name="tearDown" finished-at="2024-03-09T18:30:09 IST" duration-ms="3498" status="PASS">
          <reporter-output>
          </reporter-output>
        </test-method> <!-- tearDown -->
        <test-method is-config="true" signature="setUp(java.lang.String)[pri:0, instance:com.Policybazaar.TestRunner.InsurancesTestRunner@8462f31]" started-at="2024-03-09T18:30:09 IST" name="setUp" finished-at="2024-03-09T18:30:21 IST" duration-ms="11261" status="PASS">
          <params>
            <param index="0">
              <value>
                <![CDATA[Chrome]]>
              </value>
            </param>
          </params>
          <reporter-output>
          </reporter-output>
        </test-method> <!-- setUp -->
        <test-method signature="runScenario(io.cucumber.testng.PickleWrapper,io.cucumber.testng.FeatureWrapper)[pri:0, instance:com.Policybazaar.TestRunner.InsurancesTestRunner@8462f31]" started-at="2024-03-09T18:30:21 IST" name="runScenario" description="Runs Cucumber Scenarios" data-provider="scenarios" finished-at="2024-03-09T18:30:28 IST" duration-ms="7004" status="PASS">
          <params>
            <param index="0">
              <value>
                <![CDATA["user validates car insurance variant name page in policy bazaar"]]>
              </value>
            </param>
            <param index="1">
              <value>
                <![CDATA["Insurances_smoke"]]>
              </value>
            </param>
          </params>
          <reporter-output>
          </reporter-output>
        </test-method> <!-- runScenario -->
        <test-method is-config="true" signature="tearDown()[pri:0, instance:com.Policybazaar.TestRunner.InsurancesTestRunner@8462f31]" started-at="2024-03-09T18:30:28 IST" name="tearDown" finished-at="2024-03-09T18:30:31 IST" duration-ms="3032" status="PASS">
          <reporter-output>
          </reporter-output>
        </test-method> <!-- tearDown -->
        <test-method is-config="true" signature="setUp(java.lang.String)[pri:0, instance:com.Policybazaar.TestRunner.InsurancesTestRunner@8462f31]" started-at="2024-03-09T18:30:31 IST" name="setUp" finished-at="2024-03-09T18:30:36 IST" duration-ms="5878" status="PASS">
          <params>
            <param index="0">
              <value>
                <![CDATA[Chrome]]>
              </value>
            </param>
          </params>
          <reporter-output>
          </reporter-output>
        </test-method> <!-- setUp -->
        <test-method signature="runScenario(io.cucumber.testng.PickleWrapper,io.cucumber.testng.FeatureWrapper)[pri:0, instance:com.Policybazaar.TestRunner.InsurancesTestRunner@8462f31]" started-at="2024-03-09T18:30:36 IST" name="runScenario" description="Runs Cucumber Scenarios" data-provider="scenarios" finished-at="2024-03-09T18:30:48 IST" duration-ms="11386" status="PASS">
          <params>
            <param index="0">
              <value>
                <![CDATA["user validates car insurance contact  page without details in policy bazaar"]]>
              </value>
            </param>
            <param index="1">
              <value>
                <![CDATA["Insurances_smoke"]]>
              </value>
            </param>
          </params>
          <reporter-output>
          </reporter-output>
        </test-method> <!-- runScenario -->
        <test-method is-config="true" signature="tearDown()[pri:0, instance:com.Policybazaar.TestRunner.InsurancesTestRunner@8462f31]" started-at="2024-03-09T18:30:48 IST" name="tearDown" finished-at="2024-03-09T18:30:51 IST" duration-ms="2744" status="PASS">
          <reporter-output>
          </reporter-output>
        </test-method> <!-- tearDown -->
        <test-method is-config="true" signature="setUp(java.lang.String)[pri:0, instance:com.Policybazaar.TestRunner.InsurancesTestRunner@8462f31]" started-at="2024-03-09T18:30:51 IST" name="setUp" finished-at="2024-03-09T18:30:56 IST" duration-ms="5750" status="PASS">
          <params>
            <param index="0">
              <value>
                <![CDATA[Chrome]]>
              </value>
            </param>
          </params>
          <reporter-output>
          </reporter-output>
        </test-method> <!-- setUp -->
        <test-method signature="runScenario(io.cucumber.testng.PickleWrapper,io.cucumber.testng.FeatureWrapper)[pri:0, instance:com.Policybazaar.TestRunner.InsurancesTestRunner@8462f31]" started-at="2024-03-09T18:30:56 IST" name="runScenario" description="Runs Cucumber Scenarios" data-provider="scenarios" finished-at="2024-03-09T18:31:09 IST" duration-ms="12349" status="PASS">
          <params>
            <param index="0">
              <value>
                <![CDATA["user validates car insurance contact page with invalid phone number in policy bazaar"]]>
              </value>
            </param>
            <param index="1">
              <value>
                <![CDATA["Insurances_smoke"]]>
              </value>
            </param>
          </params>
          <reporter-output>
          </reporter-output>
        </test-method> <!-- runScenario -->
        <test-method is-config="true" signature="tearDown()[pri:0, instance:com.Policybazaar.TestRunner.InsurancesTestRunner@8462f31]" started-at="2024-03-09T18:31:09 IST" name="tearDown" finished-at="2024-03-09T18:31:12 IST" duration-ms="2883" status="PASS">
          <reporter-output>
          </reporter-output>
        </test-method> <!-- tearDown -->
        <test-method is-config="true" signature="setUp(java.lang.String)[pri:0, instance:com.Policybazaar.TestRunner.InsurancesTestRunner@8462f31]" started-at="2024-03-09T18:31:12 IST" name="setUp" finished-at="2024-03-09T18:31:23 IST" duration-ms="10940" status="PASS">
          <params>
            <param index="0">
              <value>
                <![CDATA[Chrome]]>
              </value>
            </param>
          </params>
          <reporter-output>
          </reporter-output>
        </test-method> <!-- setUp -->
        <test-method signature="runScenario(io.cucumber.testng.PickleWrapper,io.cucumber.testng.FeatureWrapper)[pri:0, instance:com.Policybazaar.TestRunner.InsurancesTestRunner@8462f31]" started-at="2024-03-09T18:31:23 IST" name="runScenario" description="Runs Cucumber Scenarios" data-provider="scenarios" finished-at="2024-03-09T18:31:30 IST" duration-ms="7891" status="PASS">
          <params>
            <param index="0">
              <value>
                <![CDATA["user validates car insurance contact page with invalid email in policy bazaar"]]>
              </value>
            </param>
            <param index="1">
              <value>
                <![CDATA["Insurances_smoke"]]>
              </value>
            </param>
          </params>
          <reporter-output>
          </reporter-output>
        </test-method> <!-- runScenario -->
        <test-method is-config="true" signature="tearDown()[pri:0, instance:com.Policybazaar.TestRunner.InsurancesTestRunner@8462f31]" started-at="2024-03-09T18:31:30 IST" name="tearDown" finished-at="2024-03-09T18:31:34 IST" duration-ms="3174" status="PASS">
          <reporter-output>
          </reporter-output>
        </test-method> <!-- tearDown -->
        <test-method is-config="true" signature="setUp(java.lang.String)[pri:0, instance:com.Policybazaar.TestRunner.InsurancesTestRunner@8462f31]" started-at="2024-03-09T18:31:34 IST" name="setUp" finished-at="2024-03-09T18:31:44 IST" duration-ms="10092" status="PASS">
          <params>
            <param index="0">
              <value>
                <![CDATA[Chrome]]>
              </value>
            </param>
          </params>
          <reporter-output>
          </reporter-output>
        </test-method> <!-- setUp -->
        <test-method signature="runScenario(io.cucumber.testng.PickleWrapper,io.cucumber.testng.FeatureWrapper)[pri:0, instance:com.Policybazaar.TestRunner.InsurancesTestRunner@8462f31]" started-at="2024-03-09T18:31:44 IST" name="runScenario" description="Runs Cucumber Scenarios" data-provider="scenarios" finished-at="2024-03-09T18:31:47 IST" duration-ms="3648" status="PASS">
          <params>
            <param index="0">
              <value>
                <![CDATA["user validates Health insurance menu in policy bazaar"]]>
              </value>
            </param>
            <param index="1">
              <value>
                <![CDATA["Insurances_smoke"]]>
              </value>
            </param>
          </params>
          <reporter-output>
          </reporter-output>
        </test-method> <!-- runScenario -->
        <test-method is-config="true" signature="tearDown()[pri:0, instance:com.Policybazaar.TestRunner.InsurancesTestRunner@8462f31]" started-at="2024-03-09T18:31:47 IST" name="tearDown" finished-at="2024-03-09T18:31:50 IST" duration-ms="3130" status="PASS">
          <reporter-output>
          </reporter-output>
        </test-method> <!-- tearDown -->
        <test-method is-config="true" signature="setUp(java.lang.String)[pri:0, instance:com.Policybazaar.TestRunner.InsurancesTestRunner@8462f31]" started-at="2024-03-09T18:31:50 IST" name="setUp" finished-at="2024-03-09T18:32:01 IST" duration-ms="10220" status="PASS">
          <params>
            <param index="0">
              <value>
                <![CDATA[Chrome]]>
              </value>
            </param>
          </params>
          <reporter-output>
          </reporter-output>
        </test-method> <!-- setUp -->
        <test-method signature="runScenario(io.cucumber.testng.PickleWrapper,io.cucumber.testng.FeatureWrapper)[pri:0, instance:com.Policybazaar.TestRunner.InsurancesTestRunner@8462f31]" started-at="2024-03-09T18:32:01 IST" name="runScenario" description="Runs Cucumber Scenarios" data-provider="scenarios" finished-at="2024-03-09T18:32:06 IST" duration-ms="5022" status="PASS">
          <params>
            <param index="0">
              <value>
                <![CDATA["user validates Health insurance link in policy bazaar"]]>
              </value>
            </param>
            <param index="1">
              <value>
                <![CDATA["Insurances_smoke"]]>
              </value>
            </param>
          </params>
          <reporter-output>
          </reporter-output>
        </test-method> <!-- runScenario -->
        <test-method is-config="true" signature="tearDown()[pri:0, instance:com.Policybazaar.TestRunner.InsurancesTestRunner@8462f31]" started-at="2024-03-09T18:32:06 IST" name="tearDown" finished-at="2024-03-09T18:32:09 IST" duration-ms="3150" status="PASS">
          <reporter-output>
          </reporter-output>
        </test-method> <!-- tearDown -->
        <test-method is-config="true" signature="setUp(java.lang.String)[pri:0, instance:com.Policybazaar.TestRunner.InsurancesTestRunner@8462f31]" started-at="2024-03-09T18:32:09 IST" name="setUp" finished-at="2024-03-09T18:32:19 IST" duration-ms="10225" status="PASS">
          <params>
            <param index="0">
              <value>
                <![CDATA[Chrome]]>
              </value>
            </param>
          </params>
          <reporter-output>
          </reporter-output>
        </test-method> <!-- setUp -->
        <test-method signature="runScenario(io.cucumber.testng.PickleWrapper,io.cucumber.testng.FeatureWrapper)[pri:0, instance:com.Policybazaar.TestRunner.InsurancesTestRunner@8462f31]" started-at="2024-03-09T18:32:19 IST" name="runScenario" description="Runs Cucumber Scenarios" data-provider="scenarios" finished-at="2024-03-09T18:32:25 IST" duration-ms="5668" status="PASS">
          <params>
            <param index="0">
              <value>
                <![CDATA["user validates Health insurance age page in policy bazaar"]]>
              </value>
            </param>
            <param index="1">
              <value>
                <![CDATA["Insurances_smoke"]]>
              </value>
            </param>
          </params>
          <reporter-output>
          </reporter-output>
        </test-method> <!-- runScenario -->
        <test-method is-config="true" signature="tearDown()[pri:0, instance:com.Policybazaar.TestRunner.InsurancesTestRunner@8462f31]" started-at="2024-03-09T18:32:25 IST" name="tearDown" finished-at="2024-03-09T18:32:28 IST" duration-ms="3228" status="PASS">
          <reporter-output>
          </reporter-output>
        </test-method> <!-- tearDown -->
        <test-method is-config="true" signature="setUp(java.lang.String)[pri:0, instance:com.Policybazaar.TestRunner.InsurancesTestRunner@8462f31]" started-at="2024-03-09T18:32:28 IST" name="setUp" finished-at="2024-03-09T18:32:39 IST" duration-ms="11252" status="PASS">
          <params>
            <param index="0">
              <value>
                <![CDATA[Chrome]]>
              </value>
            </param>
          </params>
          <reporter-output>
          </reporter-output>
        </test-method> <!-- setUp -->
        <test-method signature="runScenario(io.cucumber.testng.PickleWrapper,io.cucumber.testng.FeatureWrapper)[pri:0, instance:com.Policybazaar.TestRunner.InsurancesTestRunner@8462f31]" started-at="2024-03-09T18:32:39 IST" name="runScenario" description="Runs Cucumber Scenarios" data-provider="scenarios" finished-at="2024-03-09T18:32:45 IST" duration-ms="5313" status="PASS">
          <params>
            <param index="0">
              <value>
                <![CDATA["user validates Health insurance city page in policy bazaar"]]>
              </value>
            </param>
            <param index="1">
              <value>
                <![CDATA["Insurances_smoke"]]>
              </value>
            </param>
          </params>
          <reporter-output>
          </reporter-output>
        </test-method> <!-- runScenario -->
        <test-method is-config="true" signature="tearDown()[pri:0, instance:com.Policybazaar.TestRunner.InsurancesTestRunner@8462f31]" started-at="2024-03-09T18:32:45 IST" name="tearDown" finished-at="2024-03-09T18:32:48 IST" duration-ms="3257" status="PASS">
          <reporter-output>
          </reporter-output>
        </test-method> <!-- tearDown -->
        <test-method is-config="true" signature="setUp(java.lang.String)[pri:0, instance:com.Policybazaar.TestRunner.InsurancesTestRunner@8462f31]" started-at="2024-03-09T18:32:48 IST" name="setUp" finished-at="2024-03-09T18:32:58 IST" duration-ms="10614" status="PASS">
          <params>
            <param index="0">
              <value>
                <![CDATA[Chrome]]>
              </value>
            </param>
          </params>
          <reporter-output>
          </reporter-output>
        </test-method> <!-- setUp -->
        <test-method signature="runScenario(io.cucumber.testng.PickleWrapper,io.cucumber.testng.FeatureWrapper)[pri:0, instance:com.Policybazaar.TestRunner.InsurancesTestRunner@8462f31]" started-at="2024-03-09T18:32:58 IST" name="runScenario" description="Runs Cucumber Scenarios" data-provider="scenarios" finished-at="2024-03-09T18:33:05 IST" duration-ms="6729" status="PASS">
          <params>
            <param index="0">
              <value>
                <![CDATA["user validates Health insurance contact page with positive details in policy bazaar"]]>
              </value>
            </param>
            <param index="1">
              <value>
                <![CDATA["Insurances_smoke"]]>
              </value>
            </param>
          </params>
          <reporter-output>
          </reporter-output>
        </test-method> <!-- runScenario -->
        <test-method is-config="true" signature="tearDown()[pri:0, instance:com.Policybazaar.TestRunner.InsurancesTestRunner@8462f31]" started-at="2024-03-09T18:33:05 IST" name="tearDown" finished-at="2024-03-09T18:33:08 IST" duration-ms="3194" status="PASS">
          <reporter-output>
          </reporter-output>
        </test-method> <!-- tearDown -->
        <test-method is-config="true" signature="tearDownClass()[pri:0, instance:com.Policybazaar.TestRunner.InsurancesTestRunner@8462f31]" started-at="2024-03-09T18:33:08 IST" name="tearDownClass" finished-at="2024-03-09T18:33:16 IST" duration-ms="8122" status="PASS">
          <reporter-output>
          </reporter-output>
        </test-method> <!-- tearDownClass -->
      </class> <!-- com.Policybazaar.TestRunner.InsurancesTestRunner -->
    </test> <!-- chromeTest -->
  </suite> <!-- Suite -->
</testng-results>
