<?xml version="1.0" encoding="UTF-8"?>
<testng-results ignored="0" total="4" passed="4" failed="0" skipped="0">
  <reporter-output>
  </reporter-output>
  <suite started-at="2024-02-29T09:20:31 IST" name="Default suite" finished-at="2024-02-29T09:23:40 IST" duration-ms="188652">
    <groups>
      <group name="cucumber">
        <method signature="AbstractTestNGCucumberTests.runScenario(io.cucumber.testng.PickleWrapper,io.cucumber.testng.FeatureWrapper)[pri:0, instance:travelInsurance.TestRunner.InsuranceTestRunner@6e9a5ed8]" name="runScenario" class="io.cucumber.testng.AbstractTestNGCucumberTests"/>
      </group> <!-- cucumber -->
    </groups>
    <test started-at="2024-02-29T09:20:31 IST" name="Default test" finished-at="2024-02-29T09:23:40 IST" duration-ms="188652">
      <class name="travelInsurance.TestRunner.InsuranceTestRunner">
        <test-method is-config="true" signature="setUpClass(org.testng.ITestContext)[pri:0, instance:travelInsurance.TestRunner.InsuranceTestRunner@6e9a5ed8]" started-at="2024-02-29T09:20:31 IST" name="setUpClass" finished-at="2024-02-29T09:20:35 IST" duration-ms="4076" status="PASS">
          <params>
            <param index="0">
              <value>
                <![CDATA[org.testng.TestRunner@3a42145]]>
              </value>
            </param>
          </params>
          <reporter-output>
          </reporter-output>
        </test-method> <!-- setUpClass -->
        <test-method signature="runScenario(io.cucumber.testng.PickleWrapper,io.cucumber.testng.FeatureWrapper)[pri:0, instance:travelInsurance.TestRunner.InsuranceTestRunner@6e9a5ed8]" started-at="2024-02-29T09:20:36 IST" name="runScenario" description="Runs Cucumber Scenarios" data-provider="scenarios" finished-at="2024-02-29T09:21:45 IST" duration-ms="69110" status="PASS">
          <params>
            <param index="0">
              <value>
                <![CDATA["Travel insurance"]]>
              </value>
            </param>
            <param index="1">
              <value>
                <![CDATA["Insurances_end_to_end"]]>
              </value>
            </param>
          </params>
          <reporter-output>
          </reporter-output>
        </test-method> <!-- runScenario -->
        <test-method signature="runScenario(io.cucumber.testng.PickleWrapper,io.cucumber.testng.FeatureWrapper)[pri:0, instance:travelInsurance.TestRunner.InsuranceTestRunner@6e9a5ed8]" started-at="2024-02-29T09:21:45 IST" name="runScenario" description="Runs Cucumber Scenarios" data-provider="scenarios" finished-at="2024-02-29T09:22:20 IST" duration-ms="35597" status="PASS">
          <params>
            <param index="0">
              <value>
                <![CDATA["Car insurance"]]>
              </value>
            </param>
            <param index="1">
              <value>
                <![CDATA["Insurances_end_to_end"]]>
              </value>
            </param>
          </params>
          <reporter-output>
          </reporter-output>
        </test-method> <!-- runScenario -->
        <test-method signature="runScenario(io.cucumber.testng.PickleWrapper,io.cucumber.testng.FeatureWrapper)[pri:0, instance:travelInsurance.TestRunner.InsuranceTestRunner@6e9a5ed8]" started-at="2024-02-29T09:22:20 IST" name="runScenario" description="Runs Cucumber Scenarios" data-provider="scenarios" finished-at="2024-02-29T09:22:45 IST" duration-ms="24490" status="PASS">
          <params>
            <param index="0">
              <value>
                <![CDATA["Health Insurance menu"]]>
              </value>
            </param>
            <param index="1">
              <value>
                <![CDATA["Insurances_end_to_end"]]>
              </value>
            </param>
          </params>
          <reporter-output>
          </reporter-output>
        </test-method> <!-- runScenario -->
        <test-method signature="runScenario(io.cucumber.testng.PickleWrapper,io.cucumber.testng.FeatureWrapper)[pri:0, instance:travelInsurance.TestRunner.InsuranceTestRunner@6e9a5ed8]" started-at="2024-02-29T09:22:45 IST" name="runScenario" description="Runs Cucumber Scenarios" data-provider="scenarios" finished-at="2024-02-29T09:23:35 IST" duration-ms="50199" status="PASS">
          <params>
            <param index="0">
              <value>
                <![CDATA["Health Insurance"]]>
              </value>
            </param>
            <param index="1">
              <value>
                <![CDATA["Insurances_end_to_end"]]>
              </value>
            </param>
          </params>
          <reporter-output>
          </reporter-output>
        </test-method> <!-- runScenario -->
        <test-method is-config="true" signature="tearDownClass()[pri:0, instance:travelInsurance.TestRunner.InsuranceTestRunner@6e9a5ed8]" started-at="2024-02-29T09:23:35 IST" name="tearDownClass" finished-at="2024-02-29T09:23:40 IST" duration-ms="4946" status="PASS">
          <reporter-output>
          </reporter-output>
        </test-method> <!-- tearDownClass -->
      </class> <!-- travelInsurance.TestRunner.InsuranceTestRunner -->
    </test> <!-- Default test -->
  </suite> <!-- Default suite -->
</testng-results>
