<?xml version="1.0" encoding="UTF-8"?>
<testng-results ignored="0" total="4" passed="3" failed="1" skipped="0">
  <reporter-output>
  </reporter-output>
  <suite started-at="2024-02-26T10:21:30 IST" name="Default suite" finished-at="2024-02-26T10:28:18 IST" duration-ms="408311">
    <groups>
      <group name="cucumber">
        <method signature="AbstractTestNGCucumberTests.runScenario(io.cucumber.testng.PickleWrapper,io.cucumber.testng.FeatureWrapper)[pri:0, instance:travelInsurance.TestRunner.InsuranceTestRunner@6e9a5ed8]" name="runScenario" class="io.cucumber.testng.AbstractTestNGCucumberTests"/>
      </group> <!-- cucumber -->
    </groups>
    <test started-at="2024-02-26T10:21:30 IST" name="Default test" finished-at="2024-02-26T10:28:18 IST" duration-ms="408311">
      <class name="travelInsurance.TestRunner.InsuranceTestRunner">
        <test-method is-config="true" signature="setUpClass(org.testng.ITestContext)[pri:0, instance:travelInsurance.TestRunner.InsuranceTestRunner@6e9a5ed8]" started-at="2024-02-26T10:21:30 IST" name="setUpClass" finished-at="2024-02-26T10:21:33 IST" duration-ms="3381" status="PASS">
          <params>
            <param index="0">
              <value>
                <![CDATA[org.testng.TestRunner@357cdb00]]>
              </value>
            </param>
          </params>
          <reporter-output>
          </reporter-output>
        </test-method> <!-- setUpClass -->
        <test-method signature="runScenario(io.cucumber.testng.PickleWrapper,io.cucumber.testng.FeatureWrapper)[pri:0, instance:travelInsurance.TestRunner.InsuranceTestRunner@6e9a5ed8]" started-at="2024-02-26T10:21:33 IST" name="runScenario" description="Runs Cucumber Scenarios" data-provider="scenarios" finished-at="2024-02-26T10:23:28 IST" duration-ms="114291" status="PASS">
          <params>
            <param index="0">
              <value>
                <![CDATA["Travel insurance"]]>
              </value>
            </param>
            <param index="1">
              <value>
                <![CDATA["Insurances_end_to_end"]]>
              </value>
            </param>
          </params>
          <reporter-output>
          </reporter-output>
        </test-method> <!-- runScenario -->
        <test-method signature="runScenario(io.cucumber.testng.PickleWrapper,io.cucumber.testng.FeatureWrapper)[pri:0, instance:travelInsurance.TestRunner.InsuranceTestRunner@6e9a5ed8]" started-at="2024-02-26T10:23:28 IST" name="runScenario" description="Runs Cucumber Scenarios" data-provider="scenarios" finished-at="2024-02-26T10:25:01 IST" duration-ms="93691" status="PASS">
          <params>
            <param index="0">
              <value>
                <![CDATA["Car insurance"]]>
              </value>
            </param>
            <param index="1">
              <value>
                <![CDATA["Insurances_end_to_end"]]>
              </value>
            </param>
          </params>
          <reporter-output>
          </reporter-output>
        </test-method> <!-- runScenario -->
        <test-method signature="runScenario(io.cucumber.testng.PickleWrapper,io.cucumber.testng.FeatureWrapper)[pri:0, instance:travelInsurance.TestRunner.InsuranceTestRunner@6e9a5ed8]" started-at="2024-02-26T10:25:01 IST" name="runScenario" description="Runs Cucumber Scenarios" data-provider="scenarios" finished-at="2024-02-26T10:26:03 IST" duration-ms="61236" status="PASS">
          <params>
            <param index="0">
              <value>
                <![CDATA["Health Insurance menu"]]>
              </value>
            </param>
            <param index="1">
              <value>
                <![CDATA["Insurances_end_to_end"]]>
              </value>
            </param>
          </params>
          <reporter-output>
          </reporter-output>
        </test-method> <!-- runScenario -->
        <test-method signature="runScenario(io.cucumber.testng.PickleWrapper,io.cucumber.testng.FeatureWrapper)[pri:0, instance:travelInsurance.TestRunner.InsuranceTestRunner@6e9a5ed8]" started-at="2024-02-26T10:26:03 IST" name="runScenario" description="Runs Cucumber Scenarios" data-provider="scenarios" finished-at="2024-02-26T10:28:05 IST" duration-ms="122631" status="FAIL">
          <params>
            <param index="0">
              <value>
                <![CDATA["Health Insurance"]]>
              </value>
            </param>
            <param index="1">
              <value>
                <![CDATA["Insurances_end_to_end"]]>
              </value>
            </param>
          </params>
          <exception class="org.openqa.selenium.TimeoutException">
            <message>
              <![CDATA[Expected condition failed: waiting for visibility of element located by By.xpath: //div[@class='allfilterBox'] (tried for 15 second(s) with 500 milliseconds interval)
Build info: version: '4.15.0', revision: '1d14b5521b'
System info: os.name: 'Windows 11', os.arch: 'amd64', os.version: '10.0', java.version: '17.0.9'
Driver info: org.openqa.selenium.chrome.ChromeDriver
Capabilities {acceptInsecureCerts: false, browserName: chrome, browserVersion: 120.0.6099.130, chrome: {chromedriverVersion: 120.0.6099.109 (3419140ab66..., userDataDir: C:\Windows\SystemTemp\scope...}, fedcm:accounts: true, goog:chromeOptions: {debuggerAddress: localhost:58424}, networkConnectionEnabled: false, pageLoadStrategy: normal, platformName: windows, proxy: Proxy(), se:cdp: ws://localhost:58424/devtoo..., se:cdpVersion: 120.0.6099.130, setWindowRect: true, strictFileInteractability: false, timeouts: {implicit: 0, pageLoad: 300000, script: 30000}, unhandledPromptBehavior: dismiss and notify, webauthn:extension:credBlob: true, webauthn:extension:largeBlob: true, webauthn:extension:minPinLength: true, webauthn:extension:prf: true, webauthn:virtualAuthenticators: true}
Session ID: 42ef42260c2e4290d31448ba01c66919]]>
            </message>
            <full-stacktrace>
              <![CDATA[org.openqa.selenium.TimeoutException: Expected condition failed: waiting for visibility of element located by By.xpath: //div[@class='allfilterBox'] (tried for 15 second(s) with 500 milliseconds interval)
Build info: version: '4.15.0', revision: '1d14b5521b'
System info: os.name: 'Windows 11', os.arch: 'amd64', os.version: '10.0', java.version: '17.0.9'
Driver info: org.openqa.selenium.chrome.ChromeDriver
Capabilities {acceptInsecureCerts: false, browserName: chrome, browserVersion: 120.0.6099.130, chrome: {chromedriverVersion: 120.0.6099.109 (3419140ab66..., userDataDir: C:\Windows\SystemTemp\scope...}, fedcm:accounts: true, goog:chromeOptions: {debuggerAddress: localhost:58424}, networkConnectionEnabled: false, pageLoadStrategy: normal, platformName: windows, proxy: Proxy(), se:cdp: ws://localhost:58424/devtoo..., se:cdpVersion: 120.0.6099.130, setWindowRect: true, strictFileInteractability: false, timeouts: {implicit: 0, pageLoad: 300000, script: 30000}, unhandledPromptBehavior: dismiss and notify, webauthn:extension:credBlob: true, webauthn:extension:largeBlob: true, webauthn:extension:minPinLength: true, webauthn:extension:prf: true, webauthn:virtualAuthenticators: true}
Session ID: 42ef42260c2e4290d31448ba01c66919
at org.openqa.selenium.support.ui.WebDriverWait.timeoutException(WebDriverWait.java:84)
at org.openqa.selenium.support.ui.FluentWait.until(FluentWait.java:229)
at travelInsurance.PageObjects.HealthInsurancePage.sortby(HealthInsurancePage.java:289)
at travelInsurance.StepDefination.EndToEndStepDefination.sort_results_as_low_to_high_and_capture_the_first_three_insurance_packages_and_providers(EndToEndStepDefination.java:211)
at ✽.sort results as low to high and capture the first three insurance packages and providers(file:///C:/Users/2303728/eclipse-workspace/Hackathon/src/test/resources/Features/Insurances_end_to_end.feature:39)
]]>
            </full-stacktrace>
          </exception> <!-- org.openqa.selenium.TimeoutException -->
          <reporter-output>
          </reporter-output>
        </test-method> <!-- runScenario -->
        <test-method is-config="true" signature="tearDownClass()[pri:0, instance:travelInsurance.TestRunner.InsuranceTestRunner@6e9a5ed8]" started-at="2024-02-26T10:28:05 IST" name="tearDownClass" finished-at="2024-02-26T10:28:18 IST" duration-ms="12922" status="PASS">
          <reporter-output>
          </reporter-output>
        </test-method> <!-- tearDownClass -->
      </class> <!-- travelInsurance.TestRunner.InsuranceTestRunner -->
    </test> <!-- Default test -->
  </suite> <!-- Default suite -->
</testng-results>
